<?xml version="1.0" encoding="UTF-8"?>
<testsuite xmlns:xsi="http://www.w3.org/2001/XMLSchema-instance" xsi:noNamespaceSchemaLocation="https://maven.apache.org/surefire/maven-surefire-plugin/xsd/surefire-test-report-3.0.xsd" version="3.0" name="control.TranscriptionControllerTest" time="4.84" tests="2" errors="0" skipped="0" failures="0">
  <properties>
[...]
</properties>
  <testcase name="testProcessAudio_InvalidFile" classname="control.TranscriptionControllerTest" time="0.002">
    <system-out><![CDATA[19:12:22.525 [main] ERROR control.TranscriptionController -- Error: The audio file does not exist or cannot be read.
]]></system-out>
  </testcase>
  <testcase name="testProcessAudio_ValidFile" classname="control.TranscriptionControllerTest" time="4.837">
    <system-out><![CDATA[19:12:27.277 [main] INFO control.TranscriptionController -- Transcription completed successfully in 4750 ms.
Risultato del test: true
]]></system-out>
  </testcase>
</testsuite>