<?xml version="1.0" encoding="UTF-8"?>
<testsuite xmlns:xsi="http://www.w3.org/2001/XMLSchema-instance" xsi:noNamespaceSchemaLocation="https://maven.apache.org/surefire/maven-surefire-plugin/xsd/surefire-test-report-3.0.xsd" version="3.0" name="persistence.FileSystemNotesDAOTest" time="0.747" tests="2" errors="0" skipped="0" failures="0">
  <properties>
[...]
</properties>
  <testcase name="testSaveNote" classname="persistence.FileSystemNotesDAOTest" time="0.725">
    <system-out><![CDATA[19:12:19.934 [main] INFO control.AuthController -- User attempting to log in with email: test@example.com
19:12:20.073 [main] DEBUG org.apache.hc.client5.http.impl.classic.InternalHttpClient -- ex-0000000001 preparing request execution
19:12:20.079 [main] DEBUG org.apache.hc.client5.http.impl.classic.ProtocolExec -- ex-0000000001 target auth state: UNCHALLENGED
19:12:20.080 [main] DEBUG org.apache.hc.client5.http.impl.classic.ProtocolExec -- ex-0000000001 proxy auth state: UNCHALLENGED
19:12:20.080 [main] DEBUG org.apache.hc.client5.http.impl.classic.ConnectExec -- ex-0000000001 acquiring connection with route {s}->https://identitytoolkit.googleapis.com:443
19:12:20.081 [main] DEBUG org.apache.hc.client5.http.impl.classic.InternalHttpClient -- ex-0000000001 acquiring endpoint (3 MINUTES)
19:12:20.083 [main] DEBUG org.apache.hc.client5.http.impl.io.PoolingHttpClientConnectionManager -- ex-0000000001 endpoint lease request (3 MINUTES) [route: {s}->https://identitytoolkit.googleapis.com:443][total available: 0; route allocated: 0 of 5; total allocated: 0 of 25]
19:12:20.086 [main] DEBUG org.apache.hc.client5.http.impl.io.PoolingHttpClientConnectionManager -- ex-0000000001 endpoint leased [route: {s}->https://identitytoolkit.googleapis.com:443][total available: 0; route allocated: 1 of 5; total allocated: 1 of 25]
19:12:20.092 [main] DEBUG org.apache.hc.client5.http.impl.io.PoolingHttpClientConnectionManager -- ex-0000000001 acquired ep-0000000001
19:12:20.092 [main] DEBUG org.apache.hc.client5.http.impl.classic.InternalHttpClient -- ex-0000000001 acquired endpoint ep-0000000001
19:12:20.092 [main] DEBUG org.apache.hc.client5.http.impl.classic.ConnectExec -- ex-0000000001 opening connection {s}->https://identitytoolkit.googleapis.com:443
19:12:20.093 [main] DEBUG org.apache.hc.client5.http.impl.classic.InternalHttpClient -- ep-0000000001 connecting endpoint (null)
19:12:20.094 [main] DEBUG org.apache.hc.client5.http.impl.io.PoolingHttpClientConnectionManager -- ep-0000000001 connecting endpoint to https://identitytoolkit.googleapis.com:443 (3 MINUTES)
19:12:20.094 [main] DEBUG org.apache.hc.client5.http.impl.io.DefaultHttpClientConnectionOperator -- identitytoolkit.googleapis.com resolving remote address
19:12:20.107 [main] DEBUG org.apache.hc.client5.http.impl.io.DefaultHttpClientConnectionOperator -- identitytoolkit.googleapis.com resolved to [identitytoolkit.googleapis.com/142.251.209.42, identitytoolkit.googleapis.com/216.58.209.42, identitytoolkit.googleapis.com/216.58.204.138, identitytoolkit.googleapis.com/216.58.204.234, identitytoolkit.googleapis.com/216.58.205.42, identitytoolkit.googleapis.com/142.250.180.138, identitytoolkit.googleapis.com/142.250.180.170, identitytoolkit.googleapis.com/142.251.209.10, identitytoolkit.googleapis.com/2a00:1450:4002:414:0:0:0:200a, identitytoolkit.googleapis.com/2a00:1450:4002:415:0:0:0:200a, identitytoolkit.googleapis.com/2a00:1450:4002:416:0:0:0:200a, identitytoolkit.googleapis.com/2a00:1450:4002:402:0:0:0:200a]
19:12:20.113 [main] DEBUG org.apache.hc.client5.http.impl.io.DefaultHttpClientConnectionOperator -- identitytoolkit.googleapis.com:443 connecting null->identitytoolkit.googleapis.com/142.251.209.42:443 (3 MINUTES)
19:12:20.114 [main] DEBUG org.apache.hc.client5.http.ssl.SSLConnectionSocketFactory -- Connecting socket to identitytoolkit.googleapis.com/142.251.209.42:443 with timeout 3 MINUTES
19:12:20.172 [main] DEBUG org.apache.hc.client5.http.ssl.SSLConnectionSocketFactory -- Enabled protocols: [TLSv1.3, TLSv1.2]
19:12:20.172 [main] DEBUG org.apache.hc.client5.http.ssl.SSLConnectionSocketFactory -- Enabled cipher suites: [TLS_AES_256_GCM_SHA384, TLS_AES_128_GCM_SHA256, TLS_CHACHA20_POLY1305_SHA256, TLS_ECDHE_ECDSA_WITH_AES_256_GCM_SHA384, TLS_ECDHE_ECDSA_WITH_AES_128_GCM_SHA256, TLS_ECDHE_ECDSA_WITH_CHACHA20_POLY1305_SHA256, TLS_ECDHE_RSA_WITH_AES_256_GCM_SHA384, TLS_ECDHE_RSA_WITH_CHACHA20_POLY1305_SHA256, TLS_ECDHE_RSA_WITH_AES_128_GCM_SHA256, TLS_DHE_RSA_WITH_AES_256_GCM_SHA384, TLS_DHE_RSA_WITH_CHACHA20_POLY1305_SHA256, TLS_DHE_DSS_WITH_AES_256_GCM_SHA384, TLS_DHE_RSA_WITH_AES_128_GCM_SHA256, TLS_DHE_DSS_WITH_AES_128_GCM_SHA256, TLS_ECDHE_ECDSA_WITH_AES_256_CBC_SHA384, TLS_ECDHE_RSA_WITH_AES_256_CBC_SHA384, TLS_ECDHE_ECDSA_WITH_AES_128_CBC_SHA256, TLS_ECDHE_RSA_WITH_AES_128_CBC_SHA256, TLS_DHE_RSA_WITH_AES_256_CBC_SHA256, TLS_DHE_DSS_WITH_AES_256_CBC_SHA256, TLS_DHE_RSA_WITH_AES_128_CBC_SHA256, TLS_DHE_DSS_WITH_AES_128_CBC_SHA256, TLS_ECDHE_ECDSA_WITH_AES_256_CBC_SHA, TLS_ECDHE_RSA_WITH_AES_256_CBC_SHA, TLS_ECDHE_ECDSA_WITH_AES_128_CBC_SHA, TLS_ECDHE_RSA_WITH_AES_128_CBC_SHA, TLS_DHE_RSA_WITH_AES_256_CBC_SHA, TLS_DHE_DSS_WITH_AES_256_CBC_SHA, TLS_DHE_RSA_WITH_AES_128_CBC_SHA, TLS_DHE_DSS_WITH_AES_128_CBC_SHA, TLS_RSA_WITH_AES_256_GCM_SHA384, TLS_RSA_WITH_AES_128_GCM_SHA256, TLS_RSA_WITH_AES_256_CBC_SHA256, TLS_RSA_WITH_AES_128_CBC_SHA256, TLS_RSA_WITH_AES_256_CBC_SHA, TLS_RSA_WITH_AES_128_CBC_SHA, TLS_EMPTY_RENEGOTIATION_INFO_SCSV]
19:12:20.172 [main] DEBUG org.apache.hc.client5.http.ssl.SSLConnectionSocketFactory -- Starting handshake (null)
19:12:20.296 [main] DEBUG org.apache.hc.client5.http.ssl.SSLConnectionSocketFactory -- Secure session established
19:12:20.296 [main] DEBUG org.apache.hc.client5.http.ssl.SSLConnectionSocketFactory --  negotiated protocol: TLSv1.3
19:12:20.296 [main] DEBUG org.apache.hc.client5.http.ssl.SSLConnectionSocketFactory --  negotiated cipher suite: TLS_AES_256_GCM_SHA384
19:12:20.296 [main] DEBUG org.apache.hc.client5.http.ssl.SSLConnectionSocketFactory --  peer principal: CN=upload.video.google.com
19:12:20.297 [main] DEBUG org.apache.hc.client5.http.ssl.SSLConnectionSocketFactory --  peer alternative names: [upload.video.google.com, *.clients.google.com, *.docs.google.com, *.drive.google.com, *.gdata.youtube.com, *.googleapis.com, *.photos.google.com, *.youtube-3rd-party.com, upload.google.com, *.upload.google.com, upload.youtube.com, *.upload.youtube.com, uploads.stage.gdata.youtube.com, bg-call-donation.goog, bg-call-donation-alpha.goog, bg-call-donation-canary.goog, bg-call-donation-dev.goog]
19:12:20.297 [main] DEBUG org.apache.hc.client5.http.ssl.SSLConnectionSocketFactory --  issuer principal: CN=WR2, O=Google Trust Services, C=US
19:12:20.298 [main] DEBUG org.apache.hc.client5.http.impl.io.DefaultManagedHttpClientConnection -- http-outgoing-0 set socket timeout to 3 MINUTES
19:12:20.298 [main] DEBUG org.apache.hc.client5.http.impl.io.DefaultHttpClientConnectionOperator -- identitytoolkit.googleapis.com:443 connected null->identitytoolkit.googleapis.com/142.251.209.42:443 as http-outgoing-0
19:12:20.298 [main] DEBUG org.apache.hc.client5.http.impl.io.PoolingHttpClientConnectionManager -- ep-0000000001 connected http-outgoing-0
19:12:20.299 [main] DEBUG org.apache.hc.client5.http.impl.classic.InternalHttpClient -- ep-0000000001 endpoint connected
19:12:20.299 [main] DEBUG org.apache.hc.client5.http.impl.classic.MainClientExec -- ex-0000000001 executing POST /v1/accounts:signInWithPassword?key=AIzaSyBCEOyK7Nd9zdBGPB0uSZEklKAAiWOrJfs HTTP/1.1
19:12:20.299 [main] DEBUG org.apache.hc.client5.http.protocol.RequestAddCookies -- ex-0000000001 Cookie spec selected: strict
19:12:20.302 [main] DEBUG org.apache.hc.client5.http.impl.classic.InternalHttpClient -- ep-0000000001 start execution ex-0000000001
19:12:20.303 [main] DEBUG org.apache.hc.client5.http.impl.io.PoolingHttpClientConnectionManager -- ep-0000000001 executing exchange ex-0000000001 over http-outgoing-0
19:12:20.303 [main] DEBUG org.apache.hc.client5.http.headers -- http-outgoing-0 >> POST /v1/accounts:signInWithPassword?key=AIzaSyBCEOyK7Nd9zdBGPB0uSZEklKAAiWOrJfs HTTP/1.1
19:12:20.303 [main] DEBUG org.apache.hc.client5.http.headers -- http-outgoing-0 >> Content-Type: application/json
19:12:20.303 [main] DEBUG org.apache.hc.client5.http.headers -- http-outgoing-0 >> Accept-Encoding: gzip, x-gzip, deflate
19:12:20.303 [main] DEBUG org.apache.hc.client5.http.headers -- http-outgoing-0 >> Content-Length: 73
19:12:20.303 [main] DEBUG org.apache.hc.client5.http.headers -- http-outgoing-0 >> Host: identitytoolkit.googleapis.com
19:12:20.303 [main] DEBUG org.apache.hc.client5.http.headers -- http-outgoing-0 >> Connection: keep-alive
19:12:20.303 [main] DEBUG org.apache.hc.client5.http.headers -- http-outgoing-0 >> User-Agent: Apache-HttpClient/5.2.1 (Java/17.0.14)
19:12:20.304 [main] DEBUG org.apache.hc.client5.http.wire -- http-outgoing-0 >> "POST /v1/accounts:signInWithPassword?key=AIzaSyBCEOyK7Nd9zdBGPB0uSZEklKAAiWOrJfs HTTP/1.1[\r][\n]"
19:12:20.304 [main] DEBUG org.apache.hc.client5.http.wire -- http-outgoing-0 >> "Content-Type: application/json[\r][\n]"
19:12:20.304 [main] DEBUG org.apache.hc.client5.http.wire -- http-outgoing-0 >> "Accept-Encoding: gzip, x-gzip, deflate[\r][\n]"
19:12:20.304 [main] DEBUG org.apache.hc.client5.http.wire -- http-outgoing-0 >> "Content-Length: 73[\r][\n]"
19:12:20.304 [main] DEBUG org.apache.hc.client5.http.wire -- http-outgoing-0 >> "Host: identitytoolkit.googleapis.com[\r][\n]"
19:12:20.304 [main] DEBUG org.apache.hc.client5.http.wire -- http-outgoing-0 >> "Connection: keep-alive[\r][\n]"
19:12:20.304 [main] DEBUG org.apache.hc.client5.http.wire -- http-outgoing-0 >> "User-Agent: Apache-HttpClient/5.2.1 (Java/17.0.14)[\r][\n]"
19:12:20.304 [main] DEBUG org.apache.hc.client5.http.wire -- http-outgoing-0 >> "[\r][\n]"
19:12:20.304 [main] DEBUG org.apache.hc.client5.http.wire -- http-outgoing-0 >> "{"password":"123456","email":"test@example.com","returnSecureToken":true}"
19:12:20.501 [main] DEBUG org.apache.hc.client5.http.wire -- http-outgoing-0 << "HTTP/1.1 200 OK[\r][\n]"
19:12:20.501 [main] DEBUG org.apache.hc.client5.http.wire -- http-outgoing-0 << "Cache-Control: no-cache, no-store, max-age=0, must-revalidate[\r][\n]"
19:12:20.501 [main] DEBUG org.apache.hc.client5.http.wire -- http-outgoing-0 << "Expires: Mon, 01 Jan 1990 00:00:00 GMT[\r][\n]"
19:12:20.501 [main] DEBUG org.apache.hc.client5.http.wire -- http-outgoing-0 << "Pragma: no-cache[\r][\n]"
19:12:20.501 [main] DEBUG org.apache.hc.client5.http.wire -- http-outgoing-0 << "Date: Wed, 19 Feb 2025 18:12:20 GMT[\r][\n]"
19:12:20.501 [main] DEBUG org.apache.hc.client5.http.wire -- http-outgoing-0 << "Content-Type: application/json; charset=UTF-8[\r][\n]"
19:12:20.501 [main] DEBUG org.apache.hc.client5.http.wire -- http-outgoing-0 << "Vary: Origin[\r][\n]"
19:12:20.501 [main] DEBUG org.apache.hc.client5.http.wire -- http-outgoing-0 << "Vary: X-Origin[\r][\n]"
19:12:20.502 [main] DEBUG org.apache.hc.client5.http.wire -- http-outgoing-0 << "Vary: Referer[\r][\n]"
19:12:20.502 [main] DEBUG org.apache.hc.client5.http.wire -- http-outgoing-0 << "Content-Encoding: gzip[\r][\n]"
19:12:20.502 [main] DEBUG org.apache.hc.client5.http.wire -- http-outgoing-0 << "Server: ESF[\r][\n]"
19:12:20.502 [main] DEBUG org.apache.hc.client5.http.wire -- http-outgoing-0 << "X-XSS-Protection: 0[\r][\n]"
19:12:20.502 [main] DEBUG org.apache.hc.client5.http.wire -- http-outgoing-0 << "X-Frame-Options: SAMEORIGIN[\r][\n]"
19:12:20.502 [main] DEBUG org.apache.hc.client5.http.wire -- http-outgoing-0 << "X-Content-Type-Options: nosniff[\r][\n]"
19:12:20.502 [main] DEBUG org.apache.hc.client5.http.wire -- http-outgoing-0 << "Alt-Svc: h3=":443"; ma=2592000,h3-29=":443"; ma=2592000[\r][\n]"
19:12:20.502 [main] DEBUG org.apache.hc.client5.http.wire -- http-outgoing-0 << "Transfer-Encoding: chunked[\r][\n]"
19:12:20.502 [main] DEBUG org.apache.hc.client5.http.wire -- http-outgoing-0 << "[\r][\n]"
19:12:20.502 [main] DEBUG org.apache.hc.client5.http.wire -- http-outgoing-0 << "00000001[\r][\n]"
19:12:20.502 [main] DEBUG org.apache.hc.client5.http.wire -- http-outgoing-0 << "[0x1f][\r][\n]"
19:12:20.502 [main] DEBUG org.apache.hc.client5.http.wire -- http-outgoing-0 << "00000001[\r][\n]"
19:12:20.502 [main] DEBUG org.apache.hc.client5.http.wire -- http-outgoing-0 << "[0xffffff8b][\r][\n]"
19:12:20.502 [main] DEBUG org.apache.hc.client5.http.wire -- http-outgoing-0 << "00000001[\r][\n]"
19:12:20.502 [main] DEBUG org.apache.hc.client5.http.wire -- http-outgoing-0 << "[0x8][\r][\n]"
19:12:20.502 [main] DEBUG org.apache.hc.client5.http.wire -- http-outgoing-0 << "00000001[\r][\n]"
19:12:20.502 [main] DEBUG org.apache.hc.client5.http.wire -- http-outgoing-0 << "[0x0][\r][\n]"
19:12:20.502 [main] DEBUG org.apache.hc.client5.http.wire -- http-outgoing-0 << "00000001[\r][\n]"
19:12:20.503 [main] DEBUG org.apache.hc.client5.http.wire -- http-outgoing-0 << "[0x0][\r][\n]"
19:12:20.503 [main] DEBUG org.apache.hc.client5.http.wire -- http-outgoing-0 << "00000001[\r][\n]"
19:12:20.503 [main] DEBUG org.apache.hc.client5.http.wire -- http-outgoing-0 << "[0x0][\r][\n]"
19:12:20.503 [main] DEBUG org.apache.hc.client5.http.wire -- http-outgoing-0 << "00000001[\r][\n]"
19:12:20.503 [main] DEBUG org.apache.hc.client5.http.wire -- http-outgoing-0 << "[0x0][\r][\n]"
19:12:20.503 [main] DEBUG org.apache.hc.client5.http.wire -- http-outgoing-0 << "00000001[\r][\n]"
19:12:20.503 [main] DEBUG org.apache.hc.client5.http.wire -- http-outgoing-0 << "[0x0][\r][\n]"
19:12:20.503 [main] DEBUG org.apache.hc.client5.http.wire -- http-outgoing-0 << "001[\r][\n]"
19:12:20.503 [main] DEBUG org.apache.hc.client5.http.wire -- http-outgoing-0 << "[0x2][\r][\n]"
19:12:20.503 [main] DEBUG org.apache.hc.client5.http.wire -- http-outgoing-0 << "424[\r][\n]"
19:12:20.503 [main] DEBUG org.apache.hc.client5.http.wire -- http-outgoing-0 << "[0xffffffff][0xffffff8d][0xffffff94][0xffffffc9][0xffffffb2][0xffffffa3]6[0x14][0xffffff86][0xfffffff7][0xfffffffd][0x14]]7[0xffffffdb][0xffffffb8][0xffffff8b][0xffffffc1][0xffffffd8]&[0xffffffab]`f0[0xffffffc2][0xffffffc6][0xffffff98]isK a[0xffffffc4]`0`0[0xffffffa4][0xfffffff2][0xffffffee][0xffffff81][0xffffffbe][0xffffff9d][0xffffffac][0xffffffb3]S[0xfffffffd][0xfffffffa][0xffffffcf][0xfffffff4][0x1d][0xffffffc4]_[0xffffffdf][0xffffffbe][0x7f][0xffffffff]([0xffffffc8][0x3]}[0xfffffffc][0xfffffff1][0xfffffffd][0xffffff83] [0xfffffffc][0xffffffe8]I?[0xfffffff5]u][0x16][0xffffffa4][0xffffffff][0xffffffcd][0xffffffc3]-I[0xffffffa7]3[0xffffffec][0xffffffba][0xffffffb1]n[0xffffff91][0xffffff83][0xffffffbb][0xffffffa6]~t[0xfffffff8][0xffffffe3][0xfffffff7]5[0xffffffa6][0xffffffac][0x13]X[0xffffffea]?[0xffffffc3][0xffffffc6][0xfffffffe][0xffffffdd][0xffffffa8]F\[0x8]G[0xffffffa8][0x1c][0x14][0xffffff9d][0x12][0xffffffed]IpF%[0xfffffff0][0xffffffdd][0xffffff81][0xfffffffe]2[0xffffffe3][\n]"
19:12:20.503 [main] DEBUG org.apache.hc.client5.http.wire -- http-outgoing-0 << "[0xffffff92]r[0xffffffb5][0xfffffff6][0xffffffb8][0xffffffeb][0xffffffff][0xffffffc4]oX5%[0xfffffffe][0xffffff91][0xffffffd4][0xffffffd5][0xffffffd7]5"]S[0xffffffc2][0x9][0xffffffc0][\n]"
19:12:20.503 [main] DEBUG org.apache.hc.client5.http.wire -- http-outgoing-0 << "[0xffffffaf][0xffffffa6]/[0xffffff91] [0xffffffb7].[0xfffffff0]c[0x15][0xfffffff0]dd[0xffffffb1][0xffffff9a][0x10][0xffffff9b][0x18][0xffffffd7][0xffffffdb][0xffffffac][0xffffffd3][0xffffff80][0xffffffe8][0xffffff9d]^[0xfffffff5]M$[0xffffffea];=?[0xffffffe6]ae[0xffffff90]H[0xffffffd2][0x19][0xffffff90][0xffffff83],dn[[0xffffffdb][0xffffffbd]mCW[0xffffffc9]l7[0xffffffdc]FU[0xffffff94][0x3][0xffffffe9][0xfffffff2][0x6][0xffffff8b]nI[0xfffffff2][0x14]V^[0x15]V7r[0x12][\r][\n]"
19:12:20.503 [main] DEBUG org.apache.hc.client5.http.wire -- http-outgoing-0 << "[0x7][0xffffffc2][0xffffff9a][0xffffffd3][0xfffffff4][0xffffffe8][0xb]I/?[0xffffff96]2M[0xffffffc2]Z[0xffffffab]T#[0xffffffcd][0x19][0xffffff93][0xffffffb9][0x1e]N,(C[0xffffffd6][0xffffff9b][0xffffffa2][0xffffffc0][0x19] [0xffffffe3][0xffffffbd]N[0x15][0x1a]b[0x6]u[0xffffffd1][0xffffff95][0xffffffcb]c[0xffffff86][0x1a][0xffffffc2][0xffffffc0]+[0xffffffa0][0x7f][0xffffffe8][0xffffff91][0xffffffb6][0xffffffb4][0xfffffff8][0x0]yR[0xffffff95]#R[0xfffffff9][0xffffffe9][0xffffffe4][0xffffffea]T[0xffffffe4][0xffffff96][0xffffffa5]NF[0xffffffb2]z[0xfffffff4][0xffffffbc]&[0xffffffff][0xffffffd3]KA[0xffffff85][0xffffffa7][0xffffffa0]O[0xffffff97]K[0xffffffcc][0x1b][0xffffffcc][0x16]g[0xffffffbb][0xfffffff7]-[0xffffff98]/[0xffffffe3][0xffffffd2]2[0xffffff9d]0[0xffffffde][0x14]0[0xffffffe5][0xffffffcf]|[0xffffff88]u[0xffffffb6][0xffffff89][0xffffff8c][0xffffffcc][0xffffffb0][0xffffffea][0xffffff8f][0xffffff97]JQm92,[0x19][0xffffff9c][0xfffffff1]M[0xffffffb9]"*[\n]"
19:12:20.503 [main] DEBUG org.apache.hc.client5.http.wire -- http-outgoing-0 << "=[0xffffffda]a[0xffffffac][0xffffffeb][0xffffff82][0xffffffea][0x1][0xffffffe8][0xffffff90],[0xffffffa8][0x1e][0xffffff88][0xffffffc2][0xffffffda]Q[0xffffffbb]VF{[0xffffffb9][0x19][0xffffff99][0xffffff93]g[0xffffffea][0xffffffd5]=J.[[0x1e]o[0xf][0xffffffa4][0xfffffffa][\n]"
19:12:20.504 [main] DEBUG org.apache.hc.client5.http.wire -- http-outgoing-0 << "[0xffffffba][0xffffffa1]\^[0xffffffd1]4ap!v.[0xffffffb3][0xffffffd6]\p[0xffffffb6]tg[0xffffff81]$,[0xffffffc8][0xffffffbd]m[0xffffffb2] [0xffffffb7][0xffffffdc]d[0xffffffb6][0xffffffdd][0xffffff82][0xffffffb3]r[0xffffff8b][0xffffffb2][0xffffffc4][0xffffff91]D>[0xffffff9d]A[0x7f]\[0xffffffb9]QQ[0x0][0xffffffa8][0xffffff8b][0xffffffea]mC[0xffffff9f][0x1e]c[0xfffffff5][0xfffffff6][\n]"
19:12:20.504 [main] DEBUG org.apache.hc.client5.http.wire -- http-outgoing-0 << "[0x19][0xffffffbe]_[0xffffffe7][0xfffffffa][0xfffffff2][0xffffffbc]STy[0x13][0xfffffff4][0xffffffa3]&[0xfffffff2][0xffffff97][0xfffffffc]U[0xffffff94][0xffffffc5][0x1a]([0xffffff97]z[0x15][0xc][0xffffff8c]2[0xffffffac][0xffffff94]9[0xffffffba][0xffffffea][0xffffffbb]u[0xf][0xffffff91][0xffffffea][0xffffffbd][0xffffff90]Z.[0x1c][0xffffffbc]Y[0xffffffcf][0xffffff9b][0xfffffffd]R[0xffffffbb][0xf][0xfffffffd][0xffffffb2][[0xffffffce][0xffffffb1][0xfffffffe]p[0xffffffca][0xffffff84]u[0xffffff84]([0xffffffc8][0xffffffb2]88[0xfffffffe][0xffffffbb][0xb][0x12][0x4][0xffffffd4]:k[0x13]1\[\n]"
19:12:20.504 [main] DEBUG org.apache.hc.client5.http.wire -- http-outgoing-0 << "}.M4c@UYD[0xffffff81][0xffffffbe][0xfffffff6]6[0xffffff86][0x1][0xffffff98][0x11][0xffffffc3]O[0xffffff91]h[0xfffffff0][0xffffffcb][0xffffffba][0xffffffa5]P([0xffffff92][0xffffffe8]z[0xffffff9a]=zc[0xffffff82][0xffffffe8][0xfffffffc][0x16][0xffffffcd]2`[0xffffffef][0xffffff9c][0xffffffc1]I:[0xffffffcd]m[0xffffff85][0xffffffea]f[0xffffffbd]q[0xffffffb1][0xffffffe1][0x1]&[0xffffffdb]a[0xffffffd8]z{s[0xffffff82]5'[0xffffffc5][0xfffffffe]F[0xffffffa6][0xffffffa0]W[0xffffffe7]@[0xffffffa8]TC[0xffffffdb][0xffffffba][0xffffffad]L[0xffffff8a][0xffffff97],[0xffffffa4][0xffffff9a][0x1c][0xffffff95][0xfffffffe][0xffffffdd][0xffffffda]KD[0xffffffc8][0xfffffff6][0xffffff98]RP=u[0xffffffd7][0xffffffbb]t(Dx0[0xffffff81][0x1c]`OF[0x12][0xfffffff0][0xffffffb2]VjC[0xfffffff3][0xffffff88][0xfffffff4]X[0xfffffff5][0xffffffb2][0xffffffe1][0x19][0xffffffdf][0xffffffab][0xfffffffe][0xffffffe4][0xffffffdd][0x19][0xffffff96][0xffffff95]e1[0x14][0xffffffec][0xffffffd2][0xffffffdb][0xffffffcf][0xfffffff4]55Ew[0x13]M[0xfffffff5]KE[0xffffffa6]viH([0xffffffb2][0x6][0x3][0xffffffdd]`[0xffffffb7]y[0xffffffab][0x2]M[0xfffffff0][0xffffffa1]i[0xffffffca][0xffffffa0][0xfffffffd]T[0xfffffff5][0xffffff9c]p[0xffffffa2]`[0xfffffff0][0xffffffc3][0xffffff81][0xffffffea][0xffffff9f]h[0xffffffbf][0xffffff87][0xffffffc0]p[0xffffff9c]C[0xffffffc4]5[0xffffffc6][0xffffff85][0xffffffe5][[0x6][0xfffffff6][0xffffff95][0x18]<[0xffffffe8]0ko[0xffffff88][0xffffffe5][0xffffffe2][0xffffffb6][0xffffff84]^<J6V[0x1a]~jO9[0xffffffe4]3_[0xffffffdb]1[0xffffffe9][0xfffffff9][0x13][0xffffffa6][0xffffff9c]>[0xffffffe0]=][0xffffff8a][0xfffffff7][0xffffff88]z[0xffffffba]Gl)[0xffffff82][0x9][0xffffff95]3[0xffffff94][0xfffffff4]$"
19:12:20.505 [main] DEBUG org.apache.hc.client5.http.headers -- http-outgoing-0 << HTTP/1.1 200 OK
19:12:20.505 [main] DEBUG org.apache.hc.client5.http.headers -- http-outgoing-0 << Cache-Control: no-cache, no-store, max-age=0, must-revalidate
19:12:20.505 [main] DEBUG org.apache.hc.client5.http.headers -- http-outgoing-0 << Expires: Mon, 01 Jan 1990 00:00:00 GMT
19:12:20.505 [main] DEBUG org.apache.hc.client5.http.headers -- http-outgoing-0 << Pragma: no-cache
19:12:20.505 [main] DEBUG org.apache.hc.client5.http.headers -- http-outgoing-0 << Date: Wed, 19 Feb 2025 18:12:20 GMT
19:12:20.505 [main] DEBUG org.apache.hc.client5.http.headers -- http-outgoing-0 << Content-Type: application/json; charset=UTF-8
19:12:20.505 [main] DEBUG org.apache.hc.client5.http.headers -- http-outgoing-0 << Vary: Origin
19:12:20.505 [main] DEBUG org.apache.hc.client5.http.headers -- http-outgoing-0 << Vary: X-Origin
19:12:20.505 [main] DEBUG org.apache.hc.client5.http.headers -- http-outgoing-0 << Vary: Referer
19:12:20.505 [main] DEBUG org.apache.hc.client5.http.headers -- http-outgoing-0 << Content-Encoding: gzip
19:12:20.505 [main] DEBUG org.apache.hc.client5.http.headers -- http-outgoing-0 << Server: ESF
19:12:20.505 [main] DEBUG org.apache.hc.client5.http.headers -- http-outgoing-0 << X-XSS-Protection: 0
19:12:20.505 [main] DEBUG org.apache.hc.client5.http.headers -- http-outgoing-0 << X-Frame-Options: SAMEORIGIN
19:12:20.505 [main] DEBUG org.apache.hc.client5.http.headers -- http-outgoing-0 << X-Content-Type-Options: nosniff
19:12:20.505 [main] DEBUG org.apache.hc.client5.http.headers -- http-outgoing-0 << Alt-Svc: h3=":443"; ma=2592000,h3-29=":443"; ma=2592000
19:12:20.505 [main] DEBUG org.apache.hc.client5.http.headers -- http-outgoing-0 << Transfer-Encoding: chunked
19:12:20.507 [main] DEBUG org.apache.hc.client5.http.impl.classic.MainClientExec -- ex-0000000001 connection can be kept alive for 3 MINUTES
19:12:20.509 [main] DEBUG org.apache.hc.client5.http.wire -- http-outgoing-0 << "[0xffffffad][0xffffffe6][0xffffffe4][0xfffffff9]y[0xffffffa2][0x1d][0xffffff8d]:[0x6][0x16][0xffffffba]Q;[0xffffff81][0x9][0xffffffa7]\[0xffffff95][0x1a][0xffffffed]`[0xffffffef][0xffffffeb][0xfffffff0][0xffffffe5][0xffffff8d][0xffffffea][0xffffffa3]c[0xfffffff6][0xfffffff5]s[0xffffff92][0xffffffdb][0xfffffff1][0xffffffeb][0xfffffff1][0xffffffb6][0xfffffff8]N[0xffffffba][0x1e][0xffffffb7]x[0xfffffffd]A[0xfffffff4][0xffffffed][0xb][0xffffffff]R[0xffffffd3][0x16]w[0xffffffd9][0x7f][0xffffffef]Z[0xffffffb0][0xffffffd2][0xffffffcd]p[0x1c]]:[0xfffffff9][0x4];[0xffffffa1]A[0xfffffff0][0x1c][0x9][0xffffffd5]2[0xffffff92]6lk[0xffffffd2]x[0xffffffa7][0xffffffaa]p[0x15]9[0xffffffdd]-[0xffffffdf][0xfffffff3]mc)[0xffffffa8][0xffffffe3][0xffffffc2]S5[0xffffffe2][\r][0xffffffb5][0xffffff8b]o[0xffffffad][0xc][0x6]J[0xffffffa5][0xffffffbc][0xffffffe3]^[0xffffffcb]Em<[0xfffffffb][0xffffff9a][0xffffffd9][0xfffffffb]`[0xffffffbc][0x7][0xffffff83]$[0xffffff80][0xffffffae][0xffffffd4][\n]"
19:12:20.509 [main] DEBUG org.apache.hc.client5.http.wire -- http-outgoing-0 << "[0xfffffffe]X+[0x5][0x6][0xffffffa6]s<$;[0xffffffb3]OL[0xf][0xfffffff3][0xffffff9f][0xffffffde][0xffffffac][0xffffffb4]~[0x1b]<@[0xffffffbc][0x9][0xffffffed][0xffffff99][0x7f]m]S)[0xffffffd8]y[0xffffffe4][0xffffff89][0x4][0x18]r:5jZ[0x7]d[0xffffffd3][0xffffffce]V[0xffffff8c]f[0xb][0xffffff8d][0xfffffff8][0xffffffe4][0xffffffb1][0xffffffe4]e[0x1c][0xffffffde][0xfffffffa][0xffffffdc][0x16]m[0xffffffec]fEl)[0xffffff84]t[0xffffffef]s[0xffffff92]:*~?[0xffffffed]{[0x13][0xffffffbc]C[0x1][0xfffffff1]L[0xffffffe4]+[0xffffffa2]Q[0xffffffb2]6[0xffffffcc][0xffffffa6][0xffffffa2][0xffffffde][0x13][0xffffffe7][0xffffffb3][0x15][0xffffffac]*[0xfffffff3][0xffffff95][0xffffffeb]$[0x5][0xc][0xfffffff5][0xffffff84]%k[0xffffffba][0xffffffd4][0x5][0xffffffb7][0xffffffb3][0xfffffff7][0xb][0x11]~7d[0xffffffa1][0xffffffa1][0xffffffff]$[0xffffffc1][0xffffffee]([0xffffffea][0xffffffe3][0xffffffdb][0xffffffdf][0xffffffdf][0xfffffffe][0x1][0xfffffff8][0xffffffb5]s[0xffffff95][0xffffff8f][0x5][0x0][0x0][\r][\n]"
19:12:20.509 [main] INFO control.AuthController -- Firebase request successful: https://identitytoolkit.googleapis.com/v1/accounts:signInWithPassword?key=AIzaSyBCEOyK7Nd9zdBGPB0uSZEklKAAiWOrJfs
19:12:20.510 [main] DEBUG org.apache.hc.client5.http.wire -- http-outgoing-0 << "0[\r][\n]"
19:12:20.510 [main] DEBUG org.apache.hc.client5.http.wire -- http-outgoing-0 << "[\r][\n]"
19:12:20.510 [main] DEBUG org.apache.hc.client5.http.impl.classic.InternalHttpClient -- ep-0000000001 releasing valid endpoint
19:12:20.510 [main] DEBUG org.apache.hc.client5.http.impl.io.PoolingHttpClientConnectionManager -- ep-0000000001 releasing endpoint
19:12:20.510 [main] DEBUG org.apache.hc.client5.http.impl.io.PoolingHttpClientConnectionManager -- ep-0000000001 connection http-outgoing-0 can be kept alive for 3 MINUTES
19:12:20.510 [main] DEBUG org.apache.hc.client5.http.impl.io.PoolingHttpClientConnectionManager -- ep-0000000001 connection released [route: {s}->https://identitytoolkit.googleapis.com:443][total available: 1; route allocated: 1 of 5; total allocated: 1 of 25]
19:12:20.511 [main] DEBUG org.apache.hc.client5.http.impl.io.PoolingHttpClientConnectionManager -- Shutdown connection pool GRACEFUL
19:12:20.511 [main] DEBUG org.apache.hc.client5.http.impl.io.DefaultManagedHttpClientConnection -- http-outgoing-0 close connection GRACEFUL
19:12:20.512 [main] DEBUG org.apache.hc.client5.http.impl.io.PoolingHttpClientConnectionManager -- Connection pool shut down
19:12:20.512 [main] INFO control.AuthController -- User logged in successfully: test@example.com
19:12:20.517 [main] INFO persistence.FileSystemNotesDAO -- Nota salvata in formato crittografato: /home/maverick/Scrivania/Uni/Esami da fare/ISPW/audio-transcriptor/notes/12abdcad-b07d-44f3-bcf7-7674252a9c08_wtxpGJbkABaF8FI0COyARwFXWTv1_Nota_Test.txt
19:12:20.517 [main] WARN persistence.FileSystemNotesDAO -- File ignorato: fe614228-47b5-491b-b862-49e4299ada97_yf2ovg7KpJOLJoRgz4v4OiZb4Mj2_New_Note.txt
19:12:20.518 [main] INFO persistence.FileSystemNotesDAO -- Nota caricata: Nota Test
19:12:20.518 [main] WARN persistence.FileSystemNotesDAO -- File ignorato: fbd9a871-fa3a-4f49-b3b1-b8dd974ab4d8_testUser_Nota_Test.txt
19:12:20.518 [main] WARN persistence.FileSystemNotesDAO -- File ignorato: 8f7a0034-3c7f-4988-8146-0339327014cd_yf2ovg7KpJOLJoRgz4v4OiZb4Mj2_5g2345.txt
19:12:20.519 [main] INFO persistence.FileSystemNotesDAO -- Nota caricata: Nota Test
19:12:20.519 [main] WARN persistence.FileSystemNotesDAO -- File ignorato: 041a4742-ed56-4cba-8355-01f98feb363a_yf2ovg7KpJOLJoRgz4v4OiZb4Mj2_g5425ote.txt
19:12:20.519 [main] INFO persistence.FileSystemNotesDAO -- Nota caricata: Nota Test
19:12:20.519 [main] INFO persistence.FileSystemNotesDAO -- Nota caricata: Nota Test
19:12:20.519 [main] INFO persistence.FileSystemNotesDAO -- Nota caricata: Nota Test
19:12:20.519 [main] WARN persistence.FileSystemNotesDAO -- File ignorato: 1119df21-4931-4911-8114-604d521f1d28_testUser_Nota_Test.txt
19:12:20.519 [main] INFO persistence.FileSystemNotesDAO -- Nota caricata: Nota Test
19:12:20.520 [main] INFO persistence.FileSystemNotesDAO -- Nota caricata: Nota Test
19:12:20.520 [main] INFO persistence.FileSystemNotesDAO -- Nota caricata: Nota Test
19:12:20.520 [main] INFO persistence.FileSystemNotesDAO -- Nota caricata: Nota Test
19:12:20.520 [main] INFO persistence.FileSystemNotesDAO -- Nota caricata: Nota Test
19:12:20.520 [main] INFO persistence.FileSystemNotesDAO -- Nota caricata: Nota Test
19:12:20.520 [main] INFO persistence.FileSystemNotesDAO -- Nota caricata: Nota Test
19:12:20.520 [main] INFO persistence.FileSystemNotesDAO -- Caricate 12 note per l'utente: wtxpGJbkABaF8FI0COyARwFXWTv1
]]></system-out>
  </testcase>
  <testcase name="testDeleteNote" classname="persistence.FileSystemNotesDAOTest" time="0.003">
    <system-out><![CDATA[Verificando esistenza file prima della cancellazione: false
Tentativo di eliminazione: false
Verificando esistenza file dopo la cancellazione: false
]]></system-out>
  </testcase>
</testsuite>