<?xml version="1.0" encoding="UTF-8"?>
<testsuite xmlns:xsi="http://www.w3.org/2001/XMLSchema-instance" xsi:noNamespaceSchemaLocation="https://maven.apache.org/surefire/maven-surefire-plugin/xsd/surefire-test-report-3.0.xsd" version="3.0" name="persistence.FirebaseNotesDAOTest" time="1.981" tests="2" errors="0" skipped="0" failures="0">
  <properties>
[...]
</properties>
  <testcase name="testSaveNote" classname="persistence.FirebaseNotesDAOTest" time="1.703">
    <system-out><![CDATA[19:12:20.608 [main] DEBUG io.grpc.netty.shaded.io.netty.util.internal.logging.InternalLoggerFactory -- Using SLF4J as the default logging framework
19:12:20.610 [main] DEBUG io.grpc.netty.shaded.io.netty.util.internal.PlatformDependent0 -- -Dio.netty.noUnsafe: false
19:12:20.610 [main] DEBUG io.grpc.netty.shaded.io.netty.util.internal.PlatformDependent0 -- Java version: 17
19:12:20.611 [main] DEBUG io.grpc.netty.shaded.io.netty.util.internal.PlatformDependent0 -- sun.misc.Unsafe.theUnsafe: available
19:12:20.611 [main] DEBUG io.grpc.netty.shaded.io.netty.util.internal.PlatformDependent0 -- sun.misc.Unsafe.copyMemory: available
19:12:20.611 [main] DEBUG io.grpc.netty.shaded.io.netty.util.internal.PlatformDependent0 -- sun.misc.Unsafe.storeFence: available
19:12:20.612 [main] DEBUG io.grpc.netty.shaded.io.netty.util.internal.PlatformDependent0 -- java.nio.Buffer.address: available
19:12:20.612 [main] DEBUG io.grpc.netty.shaded.io.netty.util.internal.PlatformDependent0 -- direct buffer constructor: unavailable: Reflective setAccessible(true) disabled
19:12:20.612 [main] DEBUG io.grpc.netty.shaded.io.netty.util.internal.PlatformDependent0 -- java.nio.Bits.unaligned: available, true
19:12:20.613 [main] DEBUG io.grpc.netty.shaded.io.netty.util.internal.PlatformDependent0 -- jdk.internal.misc.Unsafe.allocateUninitializedArray(int): unavailable: class io.grpc.netty.shaded.io.netty.util.internal.PlatformDependent0$7 cannot access class jdk.internal.misc.Unsafe (in module java.base) because module java.base does not export jdk.internal.misc to unnamed module @1f57885c
19:12:20.613 [main] DEBUG io.grpc.netty.shaded.io.netty.util.internal.PlatformDependent0 -- java.nio.DirectByteBuffer.<init>(long, int): unavailable
19:12:20.613 [main] DEBUG io.grpc.netty.shaded.io.netty.util.internal.PlatformDependent -- sun.misc.Unsafe: available
19:12:20.614 [main] DEBUG io.grpc.netty.shaded.io.netty.util.internal.PlatformDependent -- maxDirectMemory: 4032823296 bytes (maybe)
19:12:20.614 [main] DEBUG io.grpc.netty.shaded.io.netty.util.internal.PlatformDependent -- -Dio.netty.tmpdir: /tmp (java.io.tmpdir)
19:12:20.614 [main] DEBUG io.grpc.netty.shaded.io.netty.util.internal.PlatformDependent -- -Dio.netty.bitMode: 64 (sun.arch.data.model)
19:12:20.615 [main] DEBUG io.grpc.netty.shaded.io.netty.util.internal.PlatformDependent -- -Dio.netty.maxDirectMemory: -1 bytes
19:12:20.615 [main] DEBUG io.grpc.netty.shaded.io.netty.util.internal.PlatformDependent -- -Dio.netty.uninitializedArrayAllocationThreshold: -1
19:12:20.615 [main] DEBUG io.grpc.netty.shaded.io.netty.util.internal.CleanerJava9 -- java.nio.ByteBuffer.cleaner(): available
19:12:20.615 [main] DEBUG io.grpc.netty.shaded.io.netty.util.internal.PlatformDependent -- -Dio.netty.noPreferDirect: false
19:12:20.626 [main] DEBUG io.grpc.netty.shaded.io.netty.util.internal.NativeLibraryLoader -- -Dio.netty.native.workdir: /tmp (io.netty.tmpdir)
19:12:20.626 [main] DEBUG io.grpc.netty.shaded.io.netty.util.internal.NativeLibraryLoader -- -Dio.netty.native.deleteLibAfterLoading: true
19:12:20.626 [main] DEBUG io.grpc.netty.shaded.io.netty.util.internal.NativeLibraryLoader -- -Dio.netty.native.tryPatchShadedId: true
19:12:20.626 [main] DEBUG io.grpc.netty.shaded.io.netty.util.internal.NativeLibraryLoader -- -Dio.netty.native.detectNativeLibraryDuplicates: true
19:12:20.630 [main] DEBUG io.grpc.netty.shaded.io.netty.util.internal.NativeLibraryLoader -- Successfully loaded the library /tmp/libio_grpc_netty_shaded_netty_transport_native_epoll_x86_64278487607078530001.so
19:12:20.632 [main] DEBUG io.grpc.netty.shaded.io.netty.util.NetUtil -- -Djava.net.preferIPv4Stack: false
19:12:20.632 [main] DEBUG io.grpc.netty.shaded.io.netty.util.NetUtil -- -Djava.net.preferIPv6Addresses: false
19:12:20.633 [main] DEBUG io.grpc.netty.shaded.io.netty.util.NetUtilInitializations -- Loopback interface: lo (lo, 0:0:0:0:0:0:0:1%lo)
19:12:20.634 [main] DEBUG io.grpc.netty.shaded.io.netty.util.NetUtil -- /proc/sys/net/core/somaxconn: 4096
19:12:20.645 [main] DEBUG io.grpc.netty.shaded.io.netty.channel.MultithreadEventLoopGroup -- -Dio.netty.eventLoopThreads: 32
19:12:20.674 [main] DEBUG io.grpc.netty.shaded.io.netty.util.internal.NativeLibraryLoader -- Successfully loaded the library /tmp/libio_grpc_netty_shaded_netty_tcnative_linux_x86_644322117849796929573.so
19:12:20.674 [main] DEBUG io.grpc.netty.shaded.io.netty.util.internal.NativeLibraryLoader -- Loaded library with name 'netty_tcnative_linux_x86_64'
19:12:20.674 [main] DEBUG io.grpc.netty.shaded.io.netty.handler.ssl.OpenSsl -- Initialize netty-tcnative using engine: 'default'
19:12:20.674 [main] DEBUG io.grpc.netty.shaded.io.netty.handler.ssl.OpenSsl -- netty-tcnative using native library: BoringSSL
19:12:20.689 [main] DEBUG io.grpc.netty.shaded.io.netty.util.ResourceLeakDetector -- -Dio.grpc.netty.shaded.io.netty.leakDetection.level: simple
19:12:20.690 [main] DEBUG io.grpc.netty.shaded.io.netty.util.ResourceLeakDetector -- -Dio.grpc.netty.shaded.io.netty.leakDetection.targetRecords: 4
19:12:20.692 [main] DEBUG io.grpc.netty.shaded.io.netty.buffer.AbstractByteBuf -- -Dio.grpc.netty.shaded.io.netty.buffer.checkAccessible: true
19:12:20.692 [main] DEBUG io.grpc.netty.shaded.io.netty.buffer.AbstractByteBuf -- -Dio.grpc.netty.shaded.io.netty.buffer.checkBounds: true
19:12:20.692 [main] DEBUG io.grpc.netty.shaded.io.netty.util.ResourceLeakDetectorFactory -- Loaded default ResourceLeakDetector: io.grpc.netty.shaded.io.netty.util.ResourceLeakDetector@6bd16207
19:12:20.698 [main] DEBUG io.grpc.netty.shaded.io.netty.util.internal.InternalThreadLocalMap -- -Dio.netty.threadLocalMap.stringBuilder.initialSize: 1024
19:12:20.698 [main] DEBUG io.grpc.netty.shaded.io.netty.util.internal.InternalThreadLocalMap -- -Dio.netty.threadLocalMap.stringBuilder.maxSize: 4096
19:12:20.699 [main] DEBUG io.grpc.netty.shaded.io.netty.buffer.PooledByteBufAllocator -- -Dio.netty.allocator.numHeapArenas: 32
19:12:20.699 [main] DEBUG io.grpc.netty.shaded.io.netty.buffer.PooledByteBufAllocator -- -Dio.netty.allocator.numDirectArenas: 32
19:12:20.699 [main] DEBUG io.grpc.netty.shaded.io.netty.buffer.PooledByteBufAllocator -- -Dio.netty.allocator.pageSize: 8192
19:12:20.699 [main] DEBUG io.grpc.netty.shaded.io.netty.buffer.PooledByteBufAllocator -- -Dio.netty.allocator.maxOrder: 9
19:12:20.699 [main] DEBUG io.grpc.netty.shaded.io.netty.buffer.PooledByteBufAllocator -- -Dio.netty.allocator.chunkSize: 4194304
19:12:20.699 [main] DEBUG io.grpc.netty.shaded.io.netty.buffer.PooledByteBufAllocator -- -Dio.netty.allocator.smallCacheSize: 256
19:12:20.699 [main] DEBUG io.grpc.netty.shaded.io.netty.buffer.PooledByteBufAllocator -- -Dio.netty.allocator.normalCacheSize: 64
19:12:20.699 [main] DEBUG io.grpc.netty.shaded.io.netty.buffer.PooledByteBufAllocator -- -Dio.netty.allocator.maxCachedBufferCapacity: 32768
19:12:20.699 [main] DEBUG io.grpc.netty.shaded.io.netty.buffer.PooledByteBufAllocator -- -Dio.netty.allocator.cacheTrimInterval: 8192
19:12:20.699 [main] DEBUG io.grpc.netty.shaded.io.netty.buffer.PooledByteBufAllocator -- -Dio.netty.allocator.cacheTrimIntervalMillis: 0
19:12:20.699 [main] DEBUG io.grpc.netty.shaded.io.netty.buffer.PooledByteBufAllocator -- -Dio.netty.allocator.useCacheForAllThreads: false
19:12:20.699 [main] DEBUG io.grpc.netty.shaded.io.netty.buffer.PooledByteBufAllocator -- -Dio.netty.allocator.maxCachedByteBuffersPerChunk: 1023
19:12:20.705 [main] DEBUG io.grpc.netty.shaded.io.netty.buffer.ByteBufUtil -- -Dio.netty.allocator.type: pooled
19:12:20.705 [main] DEBUG io.grpc.netty.shaded.io.netty.buffer.ByteBufUtil -- -Dio.netty.threadLocalDirectBufferSize: 0
19:12:20.705 [main] DEBUG io.grpc.netty.shaded.io.netty.buffer.ByteBufUtil -- -Dio.netty.maxThreadLocalCharBufferSize: 16384
19:12:20.707 [main] DEBUG io.grpc.netty.shaded.io.netty.util.ResourceLeakDetectorFactory -- Loaded default ResourceLeakDetector: io.grpc.netty.shaded.io.netty.util.ResourceLeakDetector@796065aa
19:12:20.710 [main] DEBUG io.grpc.netty.shaded.io.netty.util.Recycler -- -Dio.netty.recycler.maxCapacityPerThread: 4096
19:12:20.710 [main] DEBUG io.grpc.netty.shaded.io.netty.util.Recycler -- -Dio.netty.recycler.ratio: 8
19:12:20.710 [main] DEBUG io.grpc.netty.shaded.io.netty.util.Recycler -- -Dio.netty.recycler.chunkSize: 32
19:12:20.710 [main] DEBUG io.grpc.netty.shaded.io.netty.util.Recycler -- -Dio.netty.recycler.blocking: false
19:12:20.714 [main] DEBUG io.grpc.netty.shaded.io.netty.util.internal.PlatformDependent -- org.jctools-core.MpscChunkedArrayQueue: available
19:12:20.720 [main] DEBUG io.grpc.netty.shaded.io.netty.handler.ssl.CipherSuiteConverter -- Cipher suite mapping: TLS_ECDHE_ECDSA_WITH_AES_128_GCM_SHA256 => ECDHE-ECDSA-AES128-GCM-SHA256
19:12:20.720 [main] DEBUG io.grpc.netty.shaded.io.netty.handler.ssl.CipherSuiteConverter -- Cipher suite mapping: SSL_ECDHE_ECDSA_WITH_AES_128_GCM_SHA256 => ECDHE-ECDSA-AES128-GCM-SHA256
19:12:20.720 [main] DEBUG io.grpc.netty.shaded.io.netty.handler.ssl.CipherSuiteConverter -- Cipher suite mapping: TLS_ECDHE_RSA_WITH_AES_128_GCM_SHA256 => ECDHE-RSA-AES128-GCM-SHA256
19:12:20.720 [main] DEBUG io.grpc.netty.shaded.io.netty.handler.ssl.CipherSuiteConverter -- Cipher suite mapping: SSL_ECDHE_RSA_WITH_AES_128_GCM_SHA256 => ECDHE-RSA-AES128-GCM-SHA256
19:12:20.720 [main] DEBUG io.grpc.netty.shaded.io.netty.handler.ssl.CipherSuiteConverter -- Cipher suite mapping: TLS_ECDHE_ECDSA_WITH_AES_256_GCM_SHA384 => ECDHE-ECDSA-AES256-GCM-SHA384
19:12:20.720 [main] DEBUG io.grpc.netty.shaded.io.netty.handler.ssl.CipherSuiteConverter -- Cipher suite mapping: SSL_ECDHE_ECDSA_WITH_AES_256_GCM_SHA384 => ECDHE-ECDSA-AES256-GCM-SHA384
19:12:20.720 [main] DEBUG io.grpc.netty.shaded.io.netty.handler.ssl.CipherSuiteConverter -- Cipher suite mapping: TLS_ECDHE_RSA_WITH_AES_256_GCM_SHA384 => ECDHE-RSA-AES256-GCM-SHA384
19:12:20.720 [main] DEBUG io.grpc.netty.shaded.io.netty.handler.ssl.CipherSuiteConverter -- Cipher suite mapping: SSL_ECDHE_RSA_WITH_AES_256_GCM_SHA384 => ECDHE-RSA-AES256-GCM-SHA384
19:12:20.720 [main] DEBUG io.grpc.netty.shaded.io.netty.handler.ssl.CipherSuiteConverter -- Cipher suite mapping: TLS_ECDHE_ECDSA_WITH_CHACHA20_POLY1305_SHA256 => ECDHE-ECDSA-CHACHA20-POLY1305
19:12:20.720 [main] DEBUG io.grpc.netty.shaded.io.netty.handler.ssl.CipherSuiteConverter -- Cipher suite mapping: SSL_ECDHE_ECDSA_WITH_CHACHA20_POLY1305_SHA256 => ECDHE-ECDSA-CHACHA20-POLY1305
19:12:20.720 [main] DEBUG io.grpc.netty.shaded.io.netty.handler.ssl.CipherSuiteConverter -- Cipher suite mapping: TLS_ECDHE_RSA_WITH_CHACHA20_POLY1305_SHA256 => ECDHE-RSA-CHACHA20-POLY1305
19:12:20.720 [main] DEBUG io.grpc.netty.shaded.io.netty.handler.ssl.CipherSuiteConverter -- Cipher suite mapping: SSL_ECDHE_RSA_WITH_CHACHA20_POLY1305_SHA256 => ECDHE-RSA-CHACHA20-POLY1305
19:12:20.720 [main] DEBUG io.grpc.netty.shaded.io.netty.handler.ssl.CipherSuiteConverter -- Cipher suite mapping: TLS_ECDHE_PSK_WITH_CHACHA20_POLY1305_SHA256 => ECDHE-PSK-CHACHA20-POLY1305
19:12:20.720 [main] DEBUG io.grpc.netty.shaded.io.netty.handler.ssl.CipherSuiteConverter -- Cipher suite mapping: SSL_ECDHE_PSK_WITH_CHACHA20_POLY1305_SHA256 => ECDHE-PSK-CHACHA20-POLY1305
19:12:20.720 [main] DEBUG io.grpc.netty.shaded.io.netty.handler.ssl.CipherSuiteConverter -- Cipher suite mapping: TLS_ECDHE_ECDSA_WITH_AES_128_CBC_SHA => ECDHE-ECDSA-AES128-SHA
19:12:20.720 [main] DEBUG io.grpc.netty.shaded.io.netty.handler.ssl.CipherSuiteConverter -- Cipher suite mapping: SSL_ECDHE_ECDSA_WITH_AES_128_CBC_SHA => ECDHE-ECDSA-AES128-SHA
19:12:20.721 [main] DEBUG io.grpc.netty.shaded.io.netty.handler.ssl.CipherSuiteConverter -- Cipher suite mapping: TLS_ECDHE_RSA_WITH_AES_128_CBC_SHA => ECDHE-RSA-AES128-SHA
19:12:20.721 [main] DEBUG io.grpc.netty.shaded.io.netty.handler.ssl.CipherSuiteConverter -- Cipher suite mapping: SSL_ECDHE_RSA_WITH_AES_128_CBC_SHA => ECDHE-RSA-AES128-SHA
19:12:20.721 [main] DEBUG io.grpc.netty.shaded.io.netty.handler.ssl.CipherSuiteConverter -- Cipher suite mapping: TLS_ECDHE_PSK_WITH_AES_128_CBC_SHA => ECDHE-PSK-AES128-CBC-SHA
19:12:20.721 [main] DEBUG io.grpc.netty.shaded.io.netty.handler.ssl.CipherSuiteConverter -- Cipher suite mapping: SSL_ECDHE_PSK_WITH_AES_128_CBC_SHA => ECDHE-PSK-AES128-CBC-SHA
19:12:20.721 [main] DEBUG io.grpc.netty.shaded.io.netty.handler.ssl.CipherSuiteConverter -- Cipher suite mapping: TLS_ECDHE_ECDSA_WITH_AES_256_CBC_SHA => ECDHE-ECDSA-AES256-SHA
19:12:20.721 [main] DEBUG io.grpc.netty.shaded.io.netty.handler.ssl.CipherSuiteConverter -- Cipher suite mapping: SSL_ECDHE_ECDSA_WITH_AES_256_CBC_SHA => ECDHE-ECDSA-AES256-SHA
19:12:20.721 [main] DEBUG io.grpc.netty.shaded.io.netty.handler.ssl.CipherSuiteConverter -- Cipher suite mapping: TLS_ECDHE_RSA_WITH_AES_256_CBC_SHA => ECDHE-RSA-AES256-SHA
19:12:20.721 [main] DEBUG io.grpc.netty.shaded.io.netty.handler.ssl.CipherSuiteConverter -- Cipher suite mapping: SSL_ECDHE_RSA_WITH_AES_256_CBC_SHA => ECDHE-RSA-AES256-SHA
19:12:20.721 [main] DEBUG io.grpc.netty.shaded.io.netty.handler.ssl.CipherSuiteConverter -- Cipher suite mapping: TLS_ECDHE_PSK_WITH_AES_256_CBC_SHA => ECDHE-PSK-AES256-CBC-SHA
19:12:20.721 [main] DEBUG io.grpc.netty.shaded.io.netty.handler.ssl.CipherSuiteConverter -- Cipher suite mapping: SSL_ECDHE_PSK_WITH_AES_256_CBC_SHA => ECDHE-PSK-AES256-CBC-SHA
19:12:20.721 [main] DEBUG io.grpc.netty.shaded.io.netty.handler.ssl.CipherSuiteConverter -- Cipher suite mapping: TLS_RSA_WITH_AES_128_GCM_SHA256 => AES128-GCM-SHA256
19:12:20.721 [main] DEBUG io.grpc.netty.shaded.io.netty.handler.ssl.CipherSuiteConverter -- Cipher suite mapping: SSL_RSA_WITH_AES_128_GCM_SHA256 => AES128-GCM-SHA256
19:12:20.721 [main] DEBUG io.grpc.netty.shaded.io.netty.handler.ssl.CipherSuiteConverter -- Cipher suite mapping: TLS_RSA_WITH_AES_256_GCM_SHA384 => AES256-GCM-SHA384
19:12:20.721 [main] DEBUG io.grpc.netty.shaded.io.netty.handler.ssl.CipherSuiteConverter -- Cipher suite mapping: SSL_RSA_WITH_AES_256_GCM_SHA384 => AES256-GCM-SHA384
19:12:20.721 [main] DEBUG io.grpc.netty.shaded.io.netty.handler.ssl.CipherSuiteConverter -- Cipher suite mapping: TLS_RSA_WITH_AES_128_CBC_SHA => AES128-SHA
19:12:20.721 [main] DEBUG io.grpc.netty.shaded.io.netty.handler.ssl.CipherSuiteConverter -- Cipher suite mapping: SSL_RSA_WITH_AES_128_CBC_SHA => AES128-SHA
19:12:20.721 [main] DEBUG io.grpc.netty.shaded.io.netty.handler.ssl.CipherSuiteConverter -- Cipher suite mapping: TLS_PSK_WITH_AES_128_CBC_SHA => PSK-AES128-CBC-SHA
19:12:20.721 [main] DEBUG io.grpc.netty.shaded.io.netty.handler.ssl.CipherSuiteConverter -- Cipher suite mapping: SSL_PSK_WITH_AES_128_CBC_SHA => PSK-AES128-CBC-SHA
19:12:20.721 [main] DEBUG io.grpc.netty.shaded.io.netty.handler.ssl.CipherSuiteConverter -- Cipher suite mapping: TLS_RSA_WITH_AES_256_CBC_SHA => AES256-SHA
19:12:20.721 [main] DEBUG io.grpc.netty.shaded.io.netty.handler.ssl.CipherSuiteConverter -- Cipher suite mapping: SSL_RSA_WITH_AES_256_CBC_SHA => AES256-SHA
19:12:20.721 [main] DEBUG io.grpc.netty.shaded.io.netty.handler.ssl.CipherSuiteConverter -- Cipher suite mapping: TLS_PSK_WITH_AES_256_CBC_SHA => PSK-AES256-CBC-SHA
19:12:20.721 [main] DEBUG io.grpc.netty.shaded.io.netty.handler.ssl.CipherSuiteConverter -- Cipher suite mapping: SSL_PSK_WITH_AES_256_CBC_SHA => PSK-AES256-CBC-SHA
19:12:20.721 [main] DEBUG io.grpc.netty.shaded.io.netty.handler.ssl.CipherSuiteConverter -- Cipher suite mapping: TLS_RSA_WITH_3DES_EDE_CBC_SHA => DES-CBC3-SHA
19:12:20.721 [main] DEBUG io.grpc.netty.shaded.io.netty.handler.ssl.CipherSuiteConverter -- Cipher suite mapping: SSL_RSA_WITH_3DES_EDE_CBC_SHA => DES-CBC3-SHA
19:12:20.721 [main] DEBUG io.grpc.netty.shaded.io.netty.handler.ssl.OpenSsl -- Supported protocols (OpenSSL): [SSLv2Hello, TLSv1, TLSv1.1, TLSv1.2, TLSv1.3] 
19:12:20.722 [main] DEBUG io.grpc.netty.shaded.io.netty.handler.ssl.OpenSsl -- Default cipher suites (OpenSSL): [TLS_ECDHE_ECDSA_WITH_AES_256_GCM_SHA384, TLS_ECDHE_ECDSA_WITH_AES_128_GCM_SHA256, TLS_ECDHE_RSA_WITH_AES_128_GCM_SHA256, TLS_ECDHE_RSA_WITH_AES_256_GCM_SHA384, TLS_ECDHE_RSA_WITH_AES_128_CBC_SHA, TLS_ECDHE_RSA_WITH_AES_256_CBC_SHA, TLS_RSA_WITH_AES_128_GCM_SHA256, TLS_RSA_WITH_AES_128_CBC_SHA, TLS_RSA_WITH_AES_256_CBC_SHA, TLS_AES_128_GCM_SHA256, TLS_AES_256_GCM_SHA384, TLS_AES_128_GCM_SHA256, TLS_AES_256_GCM_SHA384, TLS_AES_128_GCM_SHA256, TLS_AES_256_GCM_SHA384, TLS_CHACHA20_POLY1305_SHA256]
19:12:21.037 [grpc-default-executor-0] DEBUG io.grpc.netty.shaded.io.netty.channel.DefaultChannelId -- -Dio.netty.processId: 48071 (auto-detected)
19:12:21.038 [grpc-default-executor-0] DEBUG io.grpc.netty.shaded.io.netty.channel.DefaultChannelId -- -Dio.netty.machineId: 50:a1:32:ff:fe:24:38:93 (auto-detected)
19:12:21.073 [grpc-default-worker-ELG-1-4] DEBUG io.grpc.netty.shaded.io.netty.util.ResourceLeakDetectorFactory -- Loaded default ResourceLeakDetector: io.grpc.netty.shaded.io.netty.util.ResourceLeakDetector@7aeb1c7e
19:12:21.139 [grpc-default-worker-ELG-1-4] DEBUG io.grpc.netty.shaded.io.netty.handler.ssl.SslHandler -- [id: 0xe6aba7f0, L:/192.168.178.125:59686 - R:firestore.googleapis.com/142.250.180.170:443] HANDSHAKEN: protocol:TLSv1.3 cipher suite:TLS_AES_128_GCM_SHA256
19:12:21.142 [grpc-default-worker-ELG-1-4] DEBUG io.grpc.netty.shaded.io.grpc.netty.NettyClientHandler -- [id: 0xe6aba7f0, L:/192.168.178.125:59686 - R:firestore.googleapis.com/142.250.180.170:443] OUTBOUND SETTINGS: ack=false settings={ENABLE_PUSH=0, MAX_CONCURRENT_STREAMS=0, INITIAL_WINDOW_SIZE=1048576, MAX_HEADER_LIST_SIZE=8192}
19:12:21.143 [grpc-default-worker-ELG-1-4] DEBUG io.grpc.netty.shaded.io.grpc.netty.NettyClientHandler -- [id: 0xe6aba7f0, L:/192.168.178.125:59686 - R:firestore.googleapis.com/142.250.180.170:443] OUTBOUND WINDOW_UPDATE: streamId=0 windowSizeIncrement=983041
19:12:21.167 [grpc-default-worker-ELG-1-4] DEBUG io.grpc.netty.shaded.io.grpc.netty.NettyClientHandler -- [id: 0xe6aba7f0, L:/192.168.178.125:59686 - R:firestore.googleapis.com/142.250.180.170:443] INBOUND SETTINGS: ack=false settings={MAX_CONCURRENT_STREAMS=100, INITIAL_WINDOW_SIZE=1048576, MAX_HEADER_LIST_SIZE=65536}
19:12:21.168 [grpc-default-worker-ELG-1-4] DEBUG io.grpc.netty.shaded.io.grpc.netty.NettyClientHandler -- [id: 0xe6aba7f0, L:/192.168.178.125:59686 - R:firestore.googleapis.com/142.250.180.170:443] OUTBOUND SETTINGS: ack=true
19:12:21.173 [grpc-default-worker-ELG-1-4] DEBUG io.grpc.netty.shaded.io.grpc.netty.NettyClientHandler -- [id: 0xe6aba7f0, L:/192.168.178.125:59686 - R:firestore.googleapis.com/142.250.180.170:443] INBOUND WINDOW_UPDATE: streamId=0 windowSizeIncrement=983041
19:12:21.174 [grpc-default-worker-ELG-1-4] DEBUG io.grpc.netty.shaded.io.grpc.netty.NettyClientHandler -- [id: 0xe6aba7f0, L:/192.168.178.125:59686 - R:firestore.googleapis.com/142.250.180.170:443] INBOUND SETTINGS: ack=true
19:12:21.385 [grpc-default-worker-ELG-1-4] DEBUG io.grpc.netty.shaded.io.grpc.netty.NettyClientHandler -- [id: 0xe6aba7f0, L:/192.168.178.125:59686 - R:firestore.googleapis.com/142.250.180.170:443] OUTBOUND HEADERS: streamId=3 headers=GrpcHttp2OutboundHeaders[:authority: firestore.googleapis.com:443, :path: /google.firestore.v1.Firestore/Commit, :method: POST, :scheme: https, content-type: application/grpc, te: trailers, user-agent: grpc-java-netty/1.55.1, x-goog-api-client: gl-java/17.0.14 gccl/3.13.0 gapic/3.13.0 gax/2.29.0 grpc/1.55.1, google-cloud-resource-prefix: projects/audio-transcriptor-24e9e/databases/(default), x-goog-request-params: database=projects%2Faudio-transcriptor-24e9e%2Fdatabases%2F%28default%29, grpc-accept-encoding: gzip, authorization: Bearer ya29.c.c0ASRK0Gae1tzBj9VavraiuccAtU_PyD7AnTiNwAVYQfNCJbHOm-_dMfQoudC5FNVO1GH_ZfSaS8spH2KriQYqPW8kpSo_RJ-CRxWLW_QMRhEQuZgHXdxHYWCYSZxFSFESUAflWkv61C2Pn_aGjaM8oiQn5ZEprmI8qBapU0-XQyaxse-VJSkBvnWTrkN5fQbMUau1lx42jmaCTK4EU28p6olZGgnSJO_NYNs68iRupr8MfBn2LBrdoPZELZotDsJmcoKnXk_b-98pxpxF0yQ9wFJkMVyw9FkssBwPaXs25fhem_5l-0yhspaR2cGKL6Fwjf7gqHqo2TrNA0YH2oh-dM_s4ti307ljOIf6Y1P9TuDoJStUMjG00FHxACKftkVEgx8g8wN399D0IxwiS049RsqByvJd-8jZphdO0v5ZO4lYoqr0Mq7cl5RyaUcU8awwI8kSwW0f8ivsiyB7Sy3Qplvwzw4VVzp2zrcmIJaI9XIs3JgS_S1_U8sQ3i_W4Q967-JhBo9yasW64O_2z05zdY8BfSrhwOx_c-pMMbhdntlcq_RJ4ujWaYYsoMM3rru6kiajWyb7V7roihQhidRI05IswkMXW91qp9cURsvs5Q77bJhevelRkXn4ifrqx6XUluXis4YqJcIba7RvZr7MJkc77Ojfq5axdqgfxU_3_3qy9yi0eik9bbbWt7l2jJrb-838Vu4s8ia6QapOXZXwRc1UIzRhVjaJ3uw0SO7JUirI34Ovne7S3rt-1i5oRUtBsFpBvXugu2pVOuMvFJ2o8_7s27Ii3qgdfQp2JIeWWQF51Fsx0508-Z1sdOXWcBQwFmxzmoFfqRb5lBJ8B2nsm55ta05la6f0s1tJxQFsB0SfmSkq9v5gvOfc2v5xUi6etpk2rvjOubzOcxrMUgV5MShUcVdgejy7UVw3l_I7zlq8Xx0-j01Qh1ykc2V6XaU_BoF7opYjix5qdq4kov0p8y-3p0jfb3-0eWgspFwMFn0n8kiszOxF0Yx, grpc-timeout: 49499198u] streamDependency=0 weight=16 exclusive=false padding=0 endStream=false
19:12:21.389 [grpc-default-worker-ELG-1-4] DEBUG io.grpc.netty.shaded.io.grpc.netty.NettyClientHandler -- [id: 0xe6aba7f0, L:/192.168.178.125:59686 - R:firestore.googleapis.com/142.250.180.170:443] OUTBOUND DATA: streamId=3 padding=0 endStream=true length=316 bytes=00000001370a3570726f6a656374732f617564696f2d7472616e7363726970746f722d32346539652f6461746162617365732f2864656661756c742912fd010a...
19:12:22.222 [grpc-default-worker-ELG-1-4] DEBUG io.grpc.netty.shaded.io.grpc.netty.NettyClientHandler -- [id: 0xe6aba7f0, L:/192.168.178.125:59686 - R:firestore.googleapis.com/142.250.180.170:443] INBOUND HEADERS: streamId=3 headers=GrpcHttp2ResponseHeaders[:status: 200, content-disposition: attachment, content-type: application/grpc, x-debug-tracking-id: 14249923475413565551;o=1, date: Wed, 19 Feb 2025 18:12:22 GMT, alt-svc: h3=":443"; ma=2592000,h3-29=":443"; ma=2592000] padding=0 endStream=false
19:12:22.223 [grpc-default-worker-ELG-1-4] DEBUG io.grpc.netty.shaded.io.grpc.netty.NettyClientHandler -- [id: 0xe6aba7f0, L:/192.168.178.125:59686 - R:firestore.googleapis.com/142.250.180.170:443] INBOUND DATA: streamId=3 padding=0 endStream=false length=33 bytes=000000001c0a0d0a0b0886bed8bd061080b2dc3d120b0886bed8bd061080b2dc3d
19:12:22.223 [grpc-default-worker-ELG-1-4] DEBUG io.grpc.netty.shaded.io.grpc.netty.NettyClientHandler -- [id: 0xe6aba7f0, L:/192.168.178.125:59686 - R:firestore.googleapis.com/142.250.180.170:443] OUTBOUND PING: ack=false bytes=1234
19:12:22.225 [grpc-default-worker-ELG-1-4] DEBUG io.grpc.netty.shaded.io.grpc.netty.NettyClientHandler -- [id: 0xe6aba7f0, L:/192.168.178.125:59686 - R:firestore.googleapis.com/142.250.180.170:443] INBOUND HEADERS: streamId=3 headers=GrpcHttp2ResponseHeaders[grpc-status: 0, content-disposition: attachment, x-debug-tracking-id: 14249923475413565551;o=1] padding=0 endStream=true
19:12:22.226 [grpc-default-worker-ELG-1-4] DEBUG io.grpc.netty.shaded.io.grpc.netty.NettyClientHandler -- [id: 0xe6aba7f0, L:/192.168.178.125:59686 - R:firestore.googleapis.com/142.250.180.170:443] INBOUND PING: ack=false bytes=853
19:12:22.226 [grpc-default-worker-ELG-1-4] DEBUG io.grpc.netty.shaded.io.grpc.netty.NettyClientHandler -- [id: 0xe6aba7f0, L:/192.168.178.125:59686 - R:firestore.googleapis.com/142.250.180.170:443] OUTBOUND PING: ack=true bytes=853
]]></system-out>
  </testcase>
  <testcase name="testRetrieveNotes" classname="persistence.FirebaseNotesDAOTest" time="0.276">
    <system-out><![CDATA[19:12:22.252 [grpc-default-worker-ELG-1-4] DEBUG io.grpc.netty.shaded.io.grpc.netty.NettyClientHandler -- [id: 0xe6aba7f0, L:/192.168.178.125:59686 - R:firestore.googleapis.com/142.250.180.170:443] OUTBOUND HEADERS: streamId=5 headers=GrpcHttp2OutboundHeaders[:authority: firestore.googleapis.com:443, :path: /google.firestore.v1.Firestore/RunQuery, :method: POST, :scheme: https, content-type: application/grpc, te: trailers, user-agent: grpc-java-netty/1.55.1, x-goog-api-client: gl-java/17.0.14 gccl/3.13.0 gapic/3.13.0 gax/2.29.0 grpc/1.55.1, google-cloud-resource-prefix: projects/audio-transcriptor-24e9e/databases/(default), x-goog-request-params: parent=projects%2Faudio-transcriptor-24e9e%2Fdatabases%2F%28default%29%2Fdocuments, grpc-accept-encoding: gzip, authorization: Bearer ya29.c.c0ASRK0Gae1tzBj9VavraiuccAtU_PyD7AnTiNwAVYQfNCJbHOm-_dMfQoudC5FNVO1GH_ZfSaS8spH2KriQYqPW8kpSo_RJ-CRxWLW_QMRhEQuZgHXdxHYWCYSZxFSFESUAflWkv61C2Pn_aGjaM8oiQn5ZEprmI8qBapU0-XQyaxse-VJSkBvnWTrkN5fQbMUau1lx42jmaCTK4EU28p6olZGgnSJO_NYNs68iRupr8MfBn2LBrdoPZELZotDsJmcoKnXk_b-98pxpxF0yQ9wFJkMVyw9FkssBwPaXs25fhem_5l-0yhspaR2cGKL6Fwjf7gqHqo2TrNA0YH2oh-dM_s4ti307ljOIf6Y1P9TuDoJStUMjG00FHxACKftkVEgx8g8wN399D0IxwiS049RsqByvJd-8jZphdO0v5ZO4lYoqr0Mq7cl5RyaUcU8awwI8kSwW0f8ivsiyB7Sy3Qplvwzw4VVzp2zrcmIJaI9XIs3JgS_S1_U8sQ3i_W4Q967-JhBo9yasW64O_2z05zdY8BfSrhwOx_c-pMMbhdntlcq_RJ4ujWaYYsoMM3rru6kiajWyb7V7roihQhidRI05IswkMXW91qp9cURsvs5Q77bJhevelRkXn4ifrqx6XUluXis4YqJcIba7RvZr7MJkc77Ojfq5axdqgfxU_3_3qy9yi0eik9bbbWt7l2jJrb-838Vu4s8ia6QapOXZXwRc1UIzRhVjaJ3uw0SO7JUirI34Ovne7S3rt-1i5oRUtBsFpBvXugu2pVOuMvFJ2o8_7s27Ii3qgdfQp2JIeWWQF51Fsx0508-Z1sdOXWcBQwFmxzmoFfqRb5lBJ8B2nsm55ta05la6f0s1tJxQFsB0SfmSkq9v5gvOfc2v5xUi6etpk2rvjOubzOcxrMUgV5MShUcVdgejy7UVw3l_I7zlq8Xx0-j01Qh1ykc2V6XaU_BoF7opYjix5qdq4kov0p8y-3p0jfb3-0eWgspFwMFn0n8kiszOxF0Yx, grpc-timeout: 49999099u] streamDependency=0 weight=16 exclusive=false padding=0 endStream=false
19:12:22.253 [grpc-default-worker-ELG-1-4] DEBUG io.grpc.netty.shaded.io.grpc.netty.NettyClientHandler -- [id: 0xe6aba7f0, L:/192.168.178.125:59686 - R:firestore.googleapis.com/142.250.180.170:443] OUTBOUND DATA: streamId=5 padding=0 endStream=true length=81 bytes=000000004c0a3f70726f6a656374732f617564696f2d7472616e7363726970746f722d32346539652f6461746162617365732f2864656661756c74292f646f63...
19:12:22.254 [grpc-default-worker-ELG-1-4] DEBUG io.grpc.netty.shaded.io.grpc.netty.NettyClientHandler -- [id: 0xe6aba7f0, L:/192.168.178.125:59686 - R:firestore.googleapis.com/142.250.180.170:443] INBOUND PING: ack=true bytes=1234
19:12:22.468 [grpc-default-worker-ELG-1-4] DEBUG io.grpc.netty.shaded.io.grpc.netty.NettyClientHandler -- [id: 0xe6aba7f0, L:/192.168.178.125:59686 - R:firestore.googleapis.com/142.250.180.170:443] INBOUND HEADERS: streamId=5 headers=GrpcHttp2ResponseHeaders[:status: 200, content-disposition: attachment, content-type: application/grpc, x-debug-tracking-id: 3165046340965766516;o=1, date: Wed, 19 Feb 2025 18:12:22 GMT, alt-svc: h3=":443"; ma=2592000,h3-29=":443"; ma=2592000] padding=0 endStream=false
19:12:22.468 [grpc-default-worker-ELG-1-4] DEBUG io.grpc.netty.shaded.io.grpc.netty.NettyClientHandler -- [id: 0xe6aba7f0, L:/192.168.178.125:59686 - R:firestore.googleapis.com/142.250.180.170:443] INBOUND DATA: streamId=5 padding=0 endStream=false length=555 bytes=00000002260a95040a6a70726f6a656374732f617564696f2d7472616e7363726970746f722d32346539652f6461746162617365732f2864656661756c74292f...
19:12:22.470 [grpc-default-worker-ELG-1-4] DEBUG io.grpc.netty.shaded.io.grpc.netty.NettyClientHandler -- [id: 0xe6aba7f0, L:/192.168.178.125:59686 - R:firestore.googleapis.com/142.250.180.170:443] INBOUND DATA: streamId=5 padding=0 endStream=false length=300 bytes=00000001270a96020a6a70726f6a656374732f617564696f2d7472616e7363726970746f722d32346539652f6461746162617365732f2864656661756c74292f...
19:12:22.470 [grpc-default-worker-ELG-1-4] DEBUG io.grpc.netty.shaded.io.grpc.netty.NettyClientHandler -- [id: 0xe6aba7f0, L:/192.168.178.125:59686 - R:firestore.googleapis.com/142.250.180.170:443] INBOUND DATA: streamId=5 padding=0 endStream=false length=1089 bytes=00000001270a96020a6a70726f6a656374732f617564696f2d7472616e7363726970746f722d32346539652f6461746162617365732f2864656661756c74292f...
19:12:22.471 [grpc-default-worker-ELG-1-4] DEBUG io.grpc.netty.shaded.io.grpc.netty.NettyClientHandler -- [id: 0xe6aba7f0, L:/192.168.178.125:59686 - R:firestore.googleapis.com/142.250.180.170:443] INBOUND DATA: streamId=5 padding=0 endStream=false length=300 bytes=00000001270a96020a6a70726f6a656374732f617564696f2d7472616e7363726970746f722d32346539652f6461746162617365732f2864656661756c74292f...
19:12:22.473 [grpc-default-worker-ELG-1-4] DEBUG io.grpc.netty.shaded.io.grpc.netty.NettyClientHandler -- [id: 0xe6aba7f0, L:/192.168.178.125:59686 - R:firestore.googleapis.com/142.250.180.170:443] INBOUND DATA: streamId=5 padding=0 endStream=false length=497 bytes=00000001ec0adb030a5470726f6a656374732f617564696f2d7472616e7363726970746f722d32346539652f6461746162617365732f2864656661756c74292f...
19:12:22.473 [grpc-default-worker-ELG-1-4] DEBUG io.grpc.netty.shaded.io.grpc.netty.NettyClientHandler -- [id: 0xe6aba7f0, L:/192.168.178.125:59686 - R:firestore.googleapis.com/142.250.180.170:443] INBOUND DATA: streamId=5 padding=0 endStream=false length=513 bytes=00000001fc0aeb030a5470726f6a656374732f617564696f2d7472616e7363726970746f722d32346539652f6461746162617365732f2864656661756c74292f...
19:12:22.473 [grpc-default-worker-ELG-1-4] DEBUG io.grpc.netty.shaded.io.grpc.netty.NettyClientHandler -- [id: 0xe6aba7f0, L:/192.168.178.125:59686 - R:firestore.googleapis.com/142.250.180.170:443] INBOUND DATA: streamId=5 padding=0 endStream=false length=501 bytes=00000001f00adf030a5470726f6a656374732f617564696f2d7472616e7363726970746f722d32346539652f6461746162617365732f2864656661756c74292f...
19:12:22.480 [grpc-default-worker-ELG-1-4] DEBUG io.grpc.netty.shaded.io.grpc.netty.NettyClientHandler -- [id: 0xe6aba7f0, L:/192.168.178.125:59686 - R:firestore.googleapis.com/142.250.180.170:443] INBOUND DATA: streamId=5 padding=0 endStream=false length=298 bytes=00000001250a94020a6a70726f6a656374732f617564696f2d7472616e7363726970746f722d32346539652f6461746162617365732f2864656661756c74292f...
19:12:22.481 [grpc-default-worker-ELG-1-4] DEBUG io.grpc.netty.shaded.io.grpc.netty.NettyClientHandler -- [id: 0xe6aba7f0, L:/192.168.178.125:59686 - R:firestore.googleapis.com/142.250.180.170:443] INBOUND DATA: streamId=5 padding=0 endStream=false length=1519 bytes=00000002790ae8040a5370726f6a656374732f617564696f2d7472616e7363726970746f722d32346539652f6461746162617365732f2864656661756c74292f...
19:12:22.486 [grpc-default-worker-ELG-1-4] DEBUG io.grpc.netty.shaded.io.grpc.netty.NettyClientHandler -- [id: 0xe6aba7f0, L:/192.168.178.125:59686 - R:firestore.googleapis.com/142.250.180.170:443] INBOUND DATA: streamId=5 padding=0 endStream=false length=300 bytes=00000001270a96020a6a70726f6a656374732f617564696f2d7472616e7363726970746f722d32346539652f6461746162617365732f2864656661756c74292f...
19:12:22.487 [grpc-default-worker-ELG-1-4] DEBUG io.grpc.netty.shaded.io.grpc.netty.NettyClientHandler -- [id: 0xe6aba7f0, L:/192.168.178.125:59686 - R:firestore.googleapis.com/142.250.180.170:443] INBOUND DATA: streamId=5 padding=0 endStream=false length=1479 bytes=00000001250a94020a6a70726f6a656374732f617564696f2d7472616e7363726970746f722d32346539652f6461746162617365732f2864656661756c74292f...
19:12:22.501 [grpc-default-worker-ELG-1-4] DEBUG io.grpc.netty.shaded.io.grpc.netty.NettyClientHandler -- [id: 0xe6aba7f0, L:/192.168.178.125:59686 - R:firestore.googleapis.com/142.250.180.170:443] INBOUND DATA: streamId=5 padding=0 endStream=false length=557 bytes=00000002280a97040a6a70726f6a656374732f617564696f2d7472616e7363726970746f722d32346539652f6461746162617365732f2864656661756c74292f...
19:12:22.505 [grpc-default-worker-ELG-1-4] DEBUG io.grpc.netty.shaded.io.grpc.netty.NettyClientHandler -- [id: 0xe6aba7f0, L:/192.168.178.125:59686 - R:firestore.googleapis.com/142.250.180.170:443] INBOUND DATA: streamId=5 padding=0 endStream=false length=1972 bytes=00000001250a94020a6a70726f6a656374732f617564696f2d7472616e7363726970746f722d32346539652f6461746162617365732f2864656661756c74292f...
19:12:22.506 [grpc-default-worker-ELG-1-4] DEBUG io.grpc.netty.shaded.io.grpc.netty.NettyClientHandler -- [id: 0xe6aba7f0, L:/192.168.178.125:59686 - R:firestore.googleapis.com/142.250.180.170:443] INBOUND DATA: streamId=5 padding=0 endStream=false length=300 bytes=00000001270a96020a6a70726f6a656374732f617564696f2d7472616e7363726970746f722d32346539652f6461746162617365732f2864656661756c74292f...
19:12:22.507 [grpc-default-worker-ELG-1-4] DEBUG io.grpc.netty.shaded.io.grpc.netty.NettyClientHandler -- [id: 0xe6aba7f0, L:/192.168.178.125:59686 - R:firestore.googleapis.com/142.250.180.170:443] INBOUND DATA: streamId=5 padding=0 endStream=false length=1752 bytes=00000001250a94020a6a70726f6a656374732f617564696f2d7472616e7363726970746f722d32346539652f6461746162617365732f2864656661756c74292f...
19:12:22.507 [grpc-default-worker-ELG-1-4] DEBUG io.grpc.netty.shaded.io.grpc.netty.NettyClientHandler -- [id: 0xe6aba7f0, L:/192.168.178.125:59686 - R:firestore.googleapis.com/142.250.180.170:443] INBOUND DATA: streamId=5 padding=0 endStream=false length=298 bytes=00000001250a94020a6a70726f6a656374732f617564696f2d7472616e7363726970746f722d32346539652f6461746162617365732f2864656661756c74292f...
19:12:22.513 [grpc-default-worker-ELG-1-4] DEBUG io.grpc.netty.shaded.io.grpc.netty.NettyClientHandler -- [id: 0xe6aba7f0, L:/192.168.178.125:59686 - R:firestore.googleapis.com/142.250.180.170:443] INBOUND HEADERS: streamId=5 headers=GrpcHttp2ResponseHeaders[grpc-status: 0, content-disposition: attachment, x-debug-tracking-id: 3165046340965766516;o=1] padding=0 endStream=true
19:12:22.514 [grpc-default-worker-ELG-1-4] DEBUG io.grpc.netty.shaded.io.grpc.netty.NettyClientHandler -- [id: 0xe6aba7f0, L:/192.168.178.125:59686 - R:firestore.googleapis.com/142.250.180.170:443] INBOUND PING: ack=false bytes=855
19:12:22.514 [grpc-default-worker-ELG-1-4] DEBUG io.grpc.netty.shaded.io.grpc.netty.NettyClientHandler -- [id: 0xe6aba7f0, L:/192.168.178.125:59686 - R:firestore.googleapis.com/142.250.180.170:443] OUTBOUND PING: ack=true bytes=855
]]></system-out>
  </testcase>
</testsuite>