<?xml version="1.0" encoding="UTF-8"?>
<testsuite xmlns:xsi="http://www.w3.org/2001/XMLSchema-instance" xsi:noNamespaceSchemaLocation="https://maven.apache.org/surefire/maven-surefire-plugin/xsd/surefire-test-report-3.0.xsd" version="3.0" name="persistence.FirebaseNotesDAOTest" time="2.149" tests="2" errors="0" skipped="0" failures="0">
  <properties>
[...]
</properties>
  <testcase name="testSaveNote" classname="persistence.FirebaseNotesDAOTest" time="1.874">
    <system-out><![CDATA[10:31:40.554 [main] DEBUG io.grpc.netty.shaded.io.netty.util.internal.logging.InternalLoggerFactory -- Using SLF4J as the default logging framework
10:31:40.556 [main] DEBUG io.grpc.netty.shaded.io.netty.util.internal.PlatformDependent0 -- -Dio.netty.noUnsafe: false
10:31:40.556 [main] DEBUG io.grpc.netty.shaded.io.netty.util.internal.PlatformDependent0 -- Java version: 17
10:31:40.556 [main] DEBUG io.grpc.netty.shaded.io.netty.util.internal.PlatformDependent0 -- sun.misc.Unsafe.theUnsafe: available
10:31:40.557 [main] DEBUG io.grpc.netty.shaded.io.netty.util.internal.PlatformDependent0 -- sun.misc.Unsafe.copyMemory: available
10:31:40.557 [main] DEBUG io.grpc.netty.shaded.io.netty.util.internal.PlatformDependent0 -- sun.misc.Unsafe.storeFence: available
10:31:40.557 [main] DEBUG io.grpc.netty.shaded.io.netty.util.internal.PlatformDependent0 -- java.nio.Buffer.address: available
10:31:40.557 [main] DEBUG io.grpc.netty.shaded.io.netty.util.internal.PlatformDependent0 -- direct buffer constructor: unavailable: Reflective setAccessible(true) disabled
10:31:40.558 [main] DEBUG io.grpc.netty.shaded.io.netty.util.internal.PlatformDependent0 -- java.nio.Bits.unaligned: available, true
10:31:40.558 [main] DEBUG io.grpc.netty.shaded.io.netty.util.internal.PlatformDependent0 -- jdk.internal.misc.Unsafe.allocateUninitializedArray(int): unavailable: class io.grpc.netty.shaded.io.netty.util.internal.PlatformDependent0$7 cannot access class jdk.internal.misc.Unsafe (in module java.base) because module java.base does not export jdk.internal.misc to unnamed module @3e8a38e8
10:31:40.559 [main] DEBUG io.grpc.netty.shaded.io.netty.util.internal.PlatformDependent0 -- java.nio.DirectByteBuffer.<init>(long, int): unavailable
10:31:40.559 [main] DEBUG io.grpc.netty.shaded.io.netty.util.internal.PlatformDependent -- sun.misc.Unsafe: available
10:31:40.560 [main] DEBUG io.grpc.netty.shaded.io.netty.util.internal.PlatformDependent -- maxDirectMemory: 4034920448 bytes (maybe)
10:31:40.560 [main] DEBUG io.grpc.netty.shaded.io.netty.util.internal.PlatformDependent -- -Dio.netty.tmpdir: /tmp (java.io.tmpdir)
10:31:40.560 [main] DEBUG io.grpc.netty.shaded.io.netty.util.internal.PlatformDependent -- -Dio.netty.bitMode: 64 (sun.arch.data.model)
10:31:40.560 [main] DEBUG io.grpc.netty.shaded.io.netty.util.internal.PlatformDependent -- -Dio.netty.maxDirectMemory: -1 bytes
10:31:40.560 [main] DEBUG io.grpc.netty.shaded.io.netty.util.internal.PlatformDependent -- -Dio.netty.uninitializedArrayAllocationThreshold: -1
10:31:40.561 [main] DEBUG io.grpc.netty.shaded.io.netty.util.internal.CleanerJava9 -- java.nio.ByteBuffer.cleaner(): available
10:31:40.561 [main] DEBUG io.grpc.netty.shaded.io.netty.util.internal.PlatformDependent -- -Dio.netty.noPreferDirect: false
10:31:40.572 [main] DEBUG io.grpc.netty.shaded.io.netty.util.internal.NativeLibraryLoader -- -Dio.netty.native.workdir: /tmp (io.netty.tmpdir)
10:31:40.572 [main] DEBUG io.grpc.netty.shaded.io.netty.util.internal.NativeLibraryLoader -- -Dio.netty.native.deleteLibAfterLoading: true
10:31:40.572 [main] DEBUG io.grpc.netty.shaded.io.netty.util.internal.NativeLibraryLoader -- -Dio.netty.native.tryPatchShadedId: true
10:31:40.572 [main] DEBUG io.grpc.netty.shaded.io.netty.util.internal.NativeLibraryLoader -- -Dio.netty.native.detectNativeLibraryDuplicates: true
10:31:40.576 [main] DEBUG io.grpc.netty.shaded.io.netty.util.internal.NativeLibraryLoader -- Successfully loaded the library /tmp/libio_grpc_netty_shaded_netty_transport_native_epoll_x86_647959060511809683404.so
10:31:40.578 [main] DEBUG io.grpc.netty.shaded.io.netty.util.NetUtil -- -Djava.net.preferIPv4Stack: false
10:31:40.578 [main] DEBUG io.grpc.netty.shaded.io.netty.util.NetUtil -- -Djava.net.preferIPv6Addresses: false
10:31:40.579 [main] DEBUG io.grpc.netty.shaded.io.netty.util.NetUtilInitializations -- Loopback interface: lo (lo, 0:0:0:0:0:0:0:1%lo)
10:31:40.579 [main] DEBUG io.grpc.netty.shaded.io.netty.util.NetUtil -- /proc/sys/net/core/somaxconn: 4096
10:31:40.590 [main] DEBUG io.grpc.netty.shaded.io.netty.channel.MultithreadEventLoopGroup -- -Dio.netty.eventLoopThreads: 32
10:31:40.620 [main] DEBUG io.grpc.netty.shaded.io.netty.util.internal.NativeLibraryLoader -- Successfully loaded the library /tmp/libio_grpc_netty_shaded_netty_tcnative_linux_x86_6413503838710226901527.so
10:31:40.620 [main] DEBUG io.grpc.netty.shaded.io.netty.util.internal.NativeLibraryLoader -- Loaded library with name 'netty_tcnative_linux_x86_64'
10:31:40.620 [main] DEBUG io.grpc.netty.shaded.io.netty.handler.ssl.OpenSsl -- Initialize netty-tcnative using engine: 'default'
10:31:40.620 [main] DEBUG io.grpc.netty.shaded.io.netty.handler.ssl.OpenSsl -- netty-tcnative using native library: BoringSSL
10:31:40.635 [main] DEBUG io.grpc.netty.shaded.io.netty.util.ResourceLeakDetector -- -Dio.grpc.netty.shaded.io.netty.leakDetection.level: simple
10:31:40.635 [main] DEBUG io.grpc.netty.shaded.io.netty.util.ResourceLeakDetector -- -Dio.grpc.netty.shaded.io.netty.leakDetection.targetRecords: 4
10:31:40.637 [main] DEBUG io.grpc.netty.shaded.io.netty.buffer.AbstractByteBuf -- -Dio.grpc.netty.shaded.io.netty.buffer.checkAccessible: true
10:31:40.637 [main] DEBUG io.grpc.netty.shaded.io.netty.buffer.AbstractByteBuf -- -Dio.grpc.netty.shaded.io.netty.buffer.checkBounds: true
10:31:40.637 [main] DEBUG io.grpc.netty.shaded.io.netty.util.ResourceLeakDetectorFactory -- Loaded default ResourceLeakDetector: io.grpc.netty.shaded.io.netty.util.ResourceLeakDetector@29c5ee1d
10:31:40.642 [main] DEBUG io.grpc.netty.shaded.io.netty.util.internal.InternalThreadLocalMap -- -Dio.netty.threadLocalMap.stringBuilder.initialSize: 1024
10:31:40.642 [main] DEBUG io.grpc.netty.shaded.io.netty.util.internal.InternalThreadLocalMap -- -Dio.netty.threadLocalMap.stringBuilder.maxSize: 4096
10:31:40.643 [main] DEBUG io.grpc.netty.shaded.io.netty.buffer.PooledByteBufAllocator -- -Dio.netty.allocator.numHeapArenas: 32
10:31:40.643 [main] DEBUG io.grpc.netty.shaded.io.netty.buffer.PooledByteBufAllocator -- -Dio.netty.allocator.numDirectArenas: 32
10:31:40.643 [main] DEBUG io.grpc.netty.shaded.io.netty.buffer.PooledByteBufAllocator -- -Dio.netty.allocator.pageSize: 8192
10:31:40.643 [main] DEBUG io.grpc.netty.shaded.io.netty.buffer.PooledByteBufAllocator -- -Dio.netty.allocator.maxOrder: 9
10:31:40.643 [main] DEBUG io.grpc.netty.shaded.io.netty.buffer.PooledByteBufAllocator -- -Dio.netty.allocator.chunkSize: 4194304
10:31:40.643 [main] DEBUG io.grpc.netty.shaded.io.netty.buffer.PooledByteBufAllocator -- -Dio.netty.allocator.smallCacheSize: 256
10:31:40.643 [main] DEBUG io.grpc.netty.shaded.io.netty.buffer.PooledByteBufAllocator -- -Dio.netty.allocator.normalCacheSize: 64
10:31:40.644 [main] DEBUG io.grpc.netty.shaded.io.netty.buffer.PooledByteBufAllocator -- -Dio.netty.allocator.maxCachedBufferCapacity: 32768
10:31:40.644 [main] DEBUG io.grpc.netty.shaded.io.netty.buffer.PooledByteBufAllocator -- -Dio.netty.allocator.cacheTrimInterval: 8192
10:31:40.644 [main] DEBUG io.grpc.netty.shaded.io.netty.buffer.PooledByteBufAllocator -- -Dio.netty.allocator.cacheTrimIntervalMillis: 0
10:31:40.644 [main] DEBUG io.grpc.netty.shaded.io.netty.buffer.PooledByteBufAllocator -- -Dio.netty.allocator.useCacheForAllThreads: false
10:31:40.644 [main] DEBUG io.grpc.netty.shaded.io.netty.buffer.PooledByteBufAllocator -- -Dio.netty.allocator.maxCachedByteBuffersPerChunk: 1023
10:31:40.650 [main] DEBUG io.grpc.netty.shaded.io.netty.buffer.ByteBufUtil -- -Dio.netty.allocator.type: pooled
10:31:40.650 [main] DEBUG io.grpc.netty.shaded.io.netty.buffer.ByteBufUtil -- -Dio.netty.threadLocalDirectBufferSize: 0
10:31:40.650 [main] DEBUG io.grpc.netty.shaded.io.netty.buffer.ByteBufUtil -- -Dio.netty.maxThreadLocalCharBufferSize: 16384
10:31:40.651 [main] DEBUG io.grpc.netty.shaded.io.netty.util.ResourceLeakDetectorFactory -- Loaded default ResourceLeakDetector: io.grpc.netty.shaded.io.netty.util.ResourceLeakDetector@38eb2fb0
10:31:40.655 [main] DEBUG io.grpc.netty.shaded.io.netty.util.Recycler -- -Dio.netty.recycler.maxCapacityPerThread: 4096
10:31:40.655 [main] DEBUG io.grpc.netty.shaded.io.netty.util.Recycler -- -Dio.netty.recycler.ratio: 8
10:31:40.655 [main] DEBUG io.grpc.netty.shaded.io.netty.util.Recycler -- -Dio.netty.recycler.chunkSize: 32
10:31:40.655 [main] DEBUG io.grpc.netty.shaded.io.netty.util.Recycler -- -Dio.netty.recycler.blocking: false
10:31:40.658 [main] DEBUG io.grpc.netty.shaded.io.netty.util.internal.PlatformDependent -- org.jctools-core.MpscChunkedArrayQueue: available
10:31:40.664 [main] DEBUG io.grpc.netty.shaded.io.netty.handler.ssl.CipherSuiteConverter -- Cipher suite mapping: TLS_ECDHE_ECDSA_WITH_AES_128_GCM_SHA256 => ECDHE-ECDSA-AES128-GCM-SHA256
10:31:40.664 [main] DEBUG io.grpc.netty.shaded.io.netty.handler.ssl.CipherSuiteConverter -- Cipher suite mapping: SSL_ECDHE_ECDSA_WITH_AES_128_GCM_SHA256 => ECDHE-ECDSA-AES128-GCM-SHA256
10:31:40.664 [main] DEBUG io.grpc.netty.shaded.io.netty.handler.ssl.CipherSuiteConverter -- Cipher suite mapping: TLS_ECDHE_RSA_WITH_AES_128_GCM_SHA256 => ECDHE-RSA-AES128-GCM-SHA256
10:31:40.664 [main] DEBUG io.grpc.netty.shaded.io.netty.handler.ssl.CipherSuiteConverter -- Cipher suite mapping: SSL_ECDHE_RSA_WITH_AES_128_GCM_SHA256 => ECDHE-RSA-AES128-GCM-SHA256
10:31:40.664 [main] DEBUG io.grpc.netty.shaded.io.netty.handler.ssl.CipherSuiteConverter -- Cipher suite mapping: TLS_ECDHE_ECDSA_WITH_AES_256_GCM_SHA384 => ECDHE-ECDSA-AES256-GCM-SHA384
10:31:40.664 [main] DEBUG io.grpc.netty.shaded.io.netty.handler.ssl.CipherSuiteConverter -- Cipher suite mapping: SSL_ECDHE_ECDSA_WITH_AES_256_GCM_SHA384 => ECDHE-ECDSA-AES256-GCM-SHA384
10:31:40.664 [main] DEBUG io.grpc.netty.shaded.io.netty.handler.ssl.CipherSuiteConverter -- Cipher suite mapping: TLS_ECDHE_RSA_WITH_AES_256_GCM_SHA384 => ECDHE-RSA-AES256-GCM-SHA384
10:31:40.664 [main] DEBUG io.grpc.netty.shaded.io.netty.handler.ssl.CipherSuiteConverter -- Cipher suite mapping: SSL_ECDHE_RSA_WITH_AES_256_GCM_SHA384 => ECDHE-RSA-AES256-GCM-SHA384
10:31:40.664 [main] DEBUG io.grpc.netty.shaded.io.netty.handler.ssl.CipherSuiteConverter -- Cipher suite mapping: TLS_ECDHE_ECDSA_WITH_CHACHA20_POLY1305_SHA256 => ECDHE-ECDSA-CHACHA20-POLY1305
10:31:40.665 [main] DEBUG io.grpc.netty.shaded.io.netty.handler.ssl.CipherSuiteConverter -- Cipher suite mapping: SSL_ECDHE_ECDSA_WITH_CHACHA20_POLY1305_SHA256 => ECDHE-ECDSA-CHACHA20-POLY1305
10:31:40.665 [main] DEBUG io.grpc.netty.shaded.io.netty.handler.ssl.CipherSuiteConverter -- Cipher suite mapping: TLS_ECDHE_RSA_WITH_CHACHA20_POLY1305_SHA256 => ECDHE-RSA-CHACHA20-POLY1305
10:31:40.665 [main] DEBUG io.grpc.netty.shaded.io.netty.handler.ssl.CipherSuiteConverter -- Cipher suite mapping: SSL_ECDHE_RSA_WITH_CHACHA20_POLY1305_SHA256 => ECDHE-RSA-CHACHA20-POLY1305
10:31:40.665 [main] DEBUG io.grpc.netty.shaded.io.netty.handler.ssl.CipherSuiteConverter -- Cipher suite mapping: TLS_ECDHE_PSK_WITH_CHACHA20_POLY1305_SHA256 => ECDHE-PSK-CHACHA20-POLY1305
10:31:40.665 [main] DEBUG io.grpc.netty.shaded.io.netty.handler.ssl.CipherSuiteConverter -- Cipher suite mapping: SSL_ECDHE_PSK_WITH_CHACHA20_POLY1305_SHA256 => ECDHE-PSK-CHACHA20-POLY1305
10:31:40.665 [main] DEBUG io.grpc.netty.shaded.io.netty.handler.ssl.CipherSuiteConverter -- Cipher suite mapping: TLS_ECDHE_ECDSA_WITH_AES_128_CBC_SHA => ECDHE-ECDSA-AES128-SHA
10:31:40.665 [main] DEBUG io.grpc.netty.shaded.io.netty.handler.ssl.CipherSuiteConverter -- Cipher suite mapping: SSL_ECDHE_ECDSA_WITH_AES_128_CBC_SHA => ECDHE-ECDSA-AES128-SHA
10:31:40.665 [main] DEBUG io.grpc.netty.shaded.io.netty.handler.ssl.CipherSuiteConverter -- Cipher suite mapping: TLS_ECDHE_RSA_WITH_AES_128_CBC_SHA => ECDHE-RSA-AES128-SHA
10:31:40.665 [main] DEBUG io.grpc.netty.shaded.io.netty.handler.ssl.CipherSuiteConverter -- Cipher suite mapping: SSL_ECDHE_RSA_WITH_AES_128_CBC_SHA => ECDHE-RSA-AES128-SHA
10:31:40.665 [main] DEBUG io.grpc.netty.shaded.io.netty.handler.ssl.CipherSuiteConverter -- Cipher suite mapping: TLS_ECDHE_PSK_WITH_AES_128_CBC_SHA => ECDHE-PSK-AES128-CBC-SHA
10:31:40.665 [main] DEBUG io.grpc.netty.shaded.io.netty.handler.ssl.CipherSuiteConverter -- Cipher suite mapping: SSL_ECDHE_PSK_WITH_AES_128_CBC_SHA => ECDHE-PSK-AES128-CBC-SHA
10:31:40.665 [main] DEBUG io.grpc.netty.shaded.io.netty.handler.ssl.CipherSuiteConverter -- Cipher suite mapping: TLS_ECDHE_ECDSA_WITH_AES_256_CBC_SHA => ECDHE-ECDSA-AES256-SHA
10:31:40.665 [main] DEBUG io.grpc.netty.shaded.io.netty.handler.ssl.CipherSuiteConverter -- Cipher suite mapping: SSL_ECDHE_ECDSA_WITH_AES_256_CBC_SHA => ECDHE-ECDSA-AES256-SHA
10:31:40.665 [main] DEBUG io.grpc.netty.shaded.io.netty.handler.ssl.CipherSuiteConverter -- Cipher suite mapping: TLS_ECDHE_RSA_WITH_AES_256_CBC_SHA => ECDHE-RSA-AES256-SHA
10:31:40.665 [main] DEBUG io.grpc.netty.shaded.io.netty.handler.ssl.CipherSuiteConverter -- Cipher suite mapping: SSL_ECDHE_RSA_WITH_AES_256_CBC_SHA => ECDHE-RSA-AES256-SHA
10:31:40.665 [main] DEBUG io.grpc.netty.shaded.io.netty.handler.ssl.CipherSuiteConverter -- Cipher suite mapping: TLS_ECDHE_PSK_WITH_AES_256_CBC_SHA => ECDHE-PSK-AES256-CBC-SHA
10:31:40.665 [main] DEBUG io.grpc.netty.shaded.io.netty.handler.ssl.CipherSuiteConverter -- Cipher suite mapping: SSL_ECDHE_PSK_WITH_AES_256_CBC_SHA => ECDHE-PSK-AES256-CBC-SHA
10:31:40.665 [main] DEBUG io.grpc.netty.shaded.io.netty.handler.ssl.CipherSuiteConverter -- Cipher suite mapping: TLS_RSA_WITH_AES_128_GCM_SHA256 => AES128-GCM-SHA256
10:31:40.665 [main] DEBUG io.grpc.netty.shaded.io.netty.handler.ssl.CipherSuiteConverter -- Cipher suite mapping: SSL_RSA_WITH_AES_128_GCM_SHA256 => AES128-GCM-SHA256
10:31:40.665 [main] DEBUG io.grpc.netty.shaded.io.netty.handler.ssl.CipherSuiteConverter -- Cipher suite mapping: TLS_RSA_WITH_AES_256_GCM_SHA384 => AES256-GCM-SHA384
10:31:40.665 [main] DEBUG io.grpc.netty.shaded.io.netty.handler.ssl.CipherSuiteConverter -- Cipher suite mapping: SSL_RSA_WITH_AES_256_GCM_SHA384 => AES256-GCM-SHA384
10:31:40.665 [main] DEBUG io.grpc.netty.shaded.io.netty.handler.ssl.CipherSuiteConverter -- Cipher suite mapping: TLS_RSA_WITH_AES_128_CBC_SHA => AES128-SHA
10:31:40.665 [main] DEBUG io.grpc.netty.shaded.io.netty.handler.ssl.CipherSuiteConverter -- Cipher suite mapping: SSL_RSA_WITH_AES_128_CBC_SHA => AES128-SHA
10:31:40.665 [main] DEBUG io.grpc.netty.shaded.io.netty.handler.ssl.CipherSuiteConverter -- Cipher suite mapping: TLS_PSK_WITH_AES_128_CBC_SHA => PSK-AES128-CBC-SHA
10:31:40.665 [main] DEBUG io.grpc.netty.shaded.io.netty.handler.ssl.CipherSuiteConverter -- Cipher suite mapping: SSL_PSK_WITH_AES_128_CBC_SHA => PSK-AES128-CBC-SHA
10:31:40.665 [main] DEBUG io.grpc.netty.shaded.io.netty.handler.ssl.CipherSuiteConverter -- Cipher suite mapping: TLS_RSA_WITH_AES_256_CBC_SHA => AES256-SHA
10:31:40.665 [main] DEBUG io.grpc.netty.shaded.io.netty.handler.ssl.CipherSuiteConverter -- Cipher suite mapping: SSL_RSA_WITH_AES_256_CBC_SHA => AES256-SHA
10:31:40.665 [main] DEBUG io.grpc.netty.shaded.io.netty.handler.ssl.CipherSuiteConverter -- Cipher suite mapping: TLS_PSK_WITH_AES_256_CBC_SHA => PSK-AES256-CBC-SHA
10:31:40.666 [main] DEBUG io.grpc.netty.shaded.io.netty.handler.ssl.CipherSuiteConverter -- Cipher suite mapping: SSL_PSK_WITH_AES_256_CBC_SHA => PSK-AES256-CBC-SHA
10:31:40.666 [main] DEBUG io.grpc.netty.shaded.io.netty.handler.ssl.CipherSuiteConverter -- Cipher suite mapping: TLS_RSA_WITH_3DES_EDE_CBC_SHA => DES-CBC3-SHA
10:31:40.666 [main] DEBUG io.grpc.netty.shaded.io.netty.handler.ssl.CipherSuiteConverter -- Cipher suite mapping: SSL_RSA_WITH_3DES_EDE_CBC_SHA => DES-CBC3-SHA
10:31:40.666 [main] DEBUG io.grpc.netty.shaded.io.netty.handler.ssl.OpenSsl -- Supported protocols (OpenSSL): [SSLv2Hello, TLSv1, TLSv1.1, TLSv1.2, TLSv1.3] 
10:31:40.666 [main] DEBUG io.grpc.netty.shaded.io.netty.handler.ssl.OpenSsl -- Default cipher suites (OpenSSL): [TLS_ECDHE_ECDSA_WITH_AES_256_GCM_SHA384, TLS_ECDHE_ECDSA_WITH_AES_128_GCM_SHA256, TLS_ECDHE_RSA_WITH_AES_128_GCM_SHA256, TLS_ECDHE_RSA_WITH_AES_256_GCM_SHA384, TLS_ECDHE_RSA_WITH_AES_128_CBC_SHA, TLS_ECDHE_RSA_WITH_AES_256_CBC_SHA, TLS_RSA_WITH_AES_128_GCM_SHA256, TLS_RSA_WITH_AES_128_CBC_SHA, TLS_RSA_WITH_AES_256_CBC_SHA, TLS_AES_128_GCM_SHA256, TLS_AES_256_GCM_SHA384, TLS_AES_128_GCM_SHA256, TLS_AES_256_GCM_SHA384, TLS_AES_128_GCM_SHA256, TLS_AES_256_GCM_SHA384, TLS_CHACHA20_POLY1305_SHA256]
10:31:41.000 [grpc-default-executor-0] DEBUG io.grpc.netty.shaded.io.netty.channel.DefaultChannelId -- -Dio.netty.processId: 41611 (auto-detected)
10:31:41.001 [grpc-default-executor-0] DEBUG io.grpc.netty.shaded.io.netty.channel.DefaultChannelId -- -Dio.netty.machineId: 10:6f:d9:ff:fe:d1:3f:91 (auto-detected)
10:31:41.047 [grpc-default-worker-ELG-1-4] DEBUG io.grpc.netty.shaded.io.netty.util.ResourceLeakDetectorFactory -- Loaded default ResourceLeakDetector: io.grpc.netty.shaded.io.netty.util.ResourceLeakDetector@5d07c53e
10:31:41.119 [grpc-default-worker-ELG-1-4] DEBUG io.grpc.netty.shaded.io.netty.handler.ssl.SslHandler -- [id: 0x6ff9e3ad, L:/192.168.178.109:43878 - R:firestore.googleapis.com/216.58.204.138:443] HANDSHAKEN: protocol:TLSv1.3 cipher suite:TLS_AES_128_GCM_SHA256
10:31:41.122 [grpc-default-worker-ELG-1-4] DEBUG io.grpc.netty.shaded.io.grpc.netty.NettyClientHandler -- [id: 0x6ff9e3ad, L:/192.168.178.109:43878 - R:firestore.googleapis.com/216.58.204.138:443] OUTBOUND SETTINGS: ack=false settings={ENABLE_PUSH=0, MAX_CONCURRENT_STREAMS=0, INITIAL_WINDOW_SIZE=1048576, MAX_HEADER_LIST_SIZE=8192}
10:31:41.123 [grpc-default-worker-ELG-1-4] DEBUG io.grpc.netty.shaded.io.grpc.netty.NettyClientHandler -- [id: 0x6ff9e3ad, L:/192.168.178.109:43878 - R:firestore.googleapis.com/216.58.204.138:443] OUTBOUND WINDOW_UPDATE: streamId=0 windowSizeIncrement=983041
10:31:41.151 [grpc-default-worker-ELG-1-4] DEBUG io.grpc.netty.shaded.io.grpc.netty.NettyClientHandler -- [id: 0x6ff9e3ad, L:/192.168.178.109:43878 - R:firestore.googleapis.com/216.58.204.138:443] INBOUND SETTINGS: ack=false settings={MAX_CONCURRENT_STREAMS=100, INITIAL_WINDOW_SIZE=1048576, MAX_HEADER_LIST_SIZE=65536}
10:31:41.152 [grpc-default-worker-ELG-1-4] DEBUG io.grpc.netty.shaded.io.grpc.netty.NettyClientHandler -- [id: 0x6ff9e3ad, L:/192.168.178.109:43878 - R:firestore.googleapis.com/216.58.204.138:443] OUTBOUND SETTINGS: ack=true
10:31:41.156 [grpc-default-worker-ELG-1-4] DEBUG io.grpc.netty.shaded.io.grpc.netty.NettyClientHandler -- [id: 0x6ff9e3ad, L:/192.168.178.109:43878 - R:firestore.googleapis.com/216.58.204.138:443] INBOUND WINDOW_UPDATE: streamId=0 windowSizeIncrement=983041
10:31:41.156 [grpc-default-worker-ELG-1-4] DEBUG io.grpc.netty.shaded.io.grpc.netty.NettyClientHandler -- [id: 0x6ff9e3ad, L:/192.168.178.109:43878 - R:firestore.googleapis.com/216.58.204.138:443] INBOUND SETTINGS: ack=true
10:31:41.401 [grpc-default-worker-ELG-1-4] DEBUG io.grpc.netty.shaded.io.grpc.netty.NettyClientHandler -- [id: 0x6ff9e3ad, L:/192.168.178.109:43878 - R:firestore.googleapis.com/216.58.204.138:443] OUTBOUND HEADERS: streamId=3 headers=GrpcHttp2OutboundHeaders[:authority: firestore.googleapis.com:443, :path: /google.firestore.v1.Firestore/Commit, :method: POST, :scheme: https, content-type: application/grpc, te: trailers, user-agent: grpc-java-netty/1.55.1, x-goog-api-client: gl-java/17.0.12 gccl/3.13.0 gapic/3.13.0 gax/2.29.0 grpc/1.55.1, google-cloud-resource-prefix: projects/audio-transcriptor-24e9e/databases/(default), x-goog-request-params: database=projects%2Faudio-transcriptor-24e9e%2Fdatabases%2F%28default%29, grpc-accept-encoding: gzip, authorization: Bearer ya29.c.c0ASRK0GYP2bJOPkbSy0cfOrD8bB2lAYh079W9bmu0PPLE8KcxVNSycopQ1unZUsX9WeLBPJ9kdhca-ZlA0REM0WCV17MIOvp4wyXcpipy3Q2L4roMECHUI1S3kUrZWn5MBzlRnfIOLnn_g4jYng6HVdtGCks2yxXcUGH9J3DOZQydgwzWJY6_v7iY4nyNHsIt2R_b2KDU0PVgzXq1DPU1K6rte4vz2JjqG6BvyEg5-JCLAnYQwso0bPRDtuTQ05BFBP-VOnKw-KogInegQBBBc3TvK8Of6NG4kCidBd9Vob8KJAATlU26HWkhp6weoA72OP8JsnBAyBaxDyEx6A4nbXzXGuMh-8W_TVfzE8F8yq7y1vsKKdi6gW6n3bFLRCRG1uv5zwE399DzwOZsgkW-svQiZcOviU0xg86pQn5OdVy2IevMlBrr1vVI5pxOic21_tX8Uu--1bVtnQqB_ccweIUypOJzV9ag4R72jkcYUvFwoU4y1Zlc7fjYOgV7Vtq9qfIjQ_QzVYqnfy68MFBF4aw_u8wwvj3t_noe6Xpoxq8jopOW665w7sjlmoSpv06vSQmtjM9nMztkJJ22-YY87q7281J0wgUcXl1xV5YIVkg9QgYW-gZdm92IO25oh7ru35lv9OJ6a0fQRbmohxVsn_gX2y58rjXrZU_2X9tw_z3c74bgeUSIwIOsd9BmZj5hU3MnZqbez3VfYv3BsdSsOxWJ2IpJnfRYRFuqdZMa-5_F1onQ05m57tFza6mQnnygQ87RWrf-Umd_rm97riww0t7ikcSatzoh7eXZOjFY5tOimmb3x0gnrZSzjVYdeBjaYfM84dcnb4mlX8xXhBldeo0i6VuSFsXrhRgW4wb-vmnYVqaIxtiJBtJUw9QfQn9r335yR2ipVJeIlQ1_Yk9Jgx2iMvtFJJi7j-ei_OZxJcXtwIcz0F_b_zs60SYVsrUQax4Sc9Ys56jZi_hpwonuUFjqgrg37Bi0e-qUyvybhgyy44UlYvMqXx8, grpc-timeout: 49427263u] streamDependency=0 weight=16 exclusive=false padding=0 endStream=false
10:31:41.405 [grpc-default-worker-ELG-1-4] DEBUG io.grpc.netty.shaded.io.grpc.netty.NettyClientHandler -- [id: 0x6ff9e3ad, L:/192.168.178.109:43878 - R:firestore.googleapis.com/216.58.204.138:443] OUTBOUND DATA: streamId=3 padding=0 endStream=true length=316 bytes=00000001370a3570726f6a656374732f617564696f2d7472616e7363726970746f722d32346539652f6461746162617365732f2864656661756c742912fd010a...
10:31:42.345 [grpc-default-worker-ELG-1-4] DEBUG io.grpc.netty.shaded.io.grpc.netty.NettyClientHandler -- [id: 0x6ff9e3ad, L:/192.168.178.109:43878 - R:firestore.googleapis.com/216.58.204.138:443] INBOUND HEADERS: streamId=3 headers=GrpcHttp2ResponseHeaders[:status: 200, content-disposition: attachment, content-type: application/grpc, x-debug-tracking-id: 829499684368078662;o=1, date: Tue, 18 Feb 2025 09:31:42 GMT, alt-svc: h3=":443"; ma=2592000,h3-29=":443"; ma=2592000] padding=0 endStream=false
10:31:42.347 [grpc-default-worker-ELG-1-4] DEBUG io.grpc.netty.shaded.io.grpc.netty.NettyClientHandler -- [id: 0x6ff9e3ad, L:/192.168.178.109:43878 - R:firestore.googleapis.com/216.58.204.138:443] INBOUND DATA: streamId=3 padding=0 endStream=false length=33 bytes=000000001c0a0d0a0b08fea6d1bd0610889ecc3b120b08fea6d1bd0610889ecc3b
10:31:42.347 [grpc-default-worker-ELG-1-4] DEBUG io.grpc.netty.shaded.io.grpc.netty.NettyClientHandler -- [id: 0x6ff9e3ad, L:/192.168.178.109:43878 - R:firestore.googleapis.com/216.58.204.138:443] OUTBOUND PING: ack=false bytes=1234
10:31:42.349 [grpc-default-worker-ELG-1-4] DEBUG io.grpc.netty.shaded.io.grpc.netty.NettyClientHandler -- [id: 0x6ff9e3ad, L:/192.168.178.109:43878 - R:firestore.googleapis.com/216.58.204.138:443] INBOUND HEADERS: streamId=3 headers=GrpcHttp2ResponseHeaders[grpc-status: 0, content-disposition: attachment, x-debug-tracking-id: 829499684368078662;o=1] padding=0 endStream=true
10:31:42.351 [grpc-default-worker-ELG-1-4] DEBUG io.grpc.netty.shaded.io.grpc.netty.NettyClientHandler -- [id: 0x6ff9e3ad, L:/192.168.178.109:43878 - R:firestore.googleapis.com/216.58.204.138:443] INBOUND PING: ack=false bytes=403
10:31:42.351 [grpc-default-worker-ELG-1-4] DEBUG io.grpc.netty.shaded.io.grpc.netty.NettyClientHandler -- [id: 0x6ff9e3ad, L:/192.168.178.109:43878 - R:firestore.googleapis.com/216.58.204.138:443] OUTBOUND PING: ack=true bytes=403
]]></system-out>
  </testcase>
  <testcase name="testRetrieveNotes" classname="persistence.FirebaseNotesDAOTest" time="0.274">
    <system-out><![CDATA[10:31:42.376 [grpc-default-worker-ELG-1-4] DEBUG io.grpc.netty.shaded.io.grpc.netty.NettyClientHandler -- [id: 0x6ff9e3ad, L:/192.168.178.109:43878 - R:firestore.googleapis.com/216.58.204.138:443] OUTBOUND HEADERS: streamId=5 headers=GrpcHttp2OutboundHeaders[:authority: firestore.googleapis.com:443, :path: /google.firestore.v1.Firestore/RunQuery, :method: POST, :scheme: https, content-type: application/grpc, te: trailers, user-agent: grpc-java-netty/1.55.1, x-goog-api-client: gl-java/17.0.12 gccl/3.13.0 gapic/3.13.0 gax/2.29.0 grpc/1.55.1, google-cloud-resource-prefix: projects/audio-transcriptor-24e9e/databases/(default), x-goog-request-params: parent=projects%2Faudio-transcriptor-24e9e%2Fdatabases%2F%28default%29%2Fdocuments, grpc-accept-encoding: gzip, authorization: Bearer ya29.c.c0ASRK0GYP2bJOPkbSy0cfOrD8bB2lAYh079W9bmu0PPLE8KcxVNSycopQ1unZUsX9WeLBPJ9kdhca-ZlA0REM0WCV17MIOvp4wyXcpipy3Q2L4roMECHUI1S3kUrZWn5MBzlRnfIOLnn_g4jYng6HVdtGCks2yxXcUGH9J3DOZQydgwzWJY6_v7iY4nyNHsIt2R_b2KDU0PVgzXq1DPU1K6rte4vz2JjqG6BvyEg5-JCLAnYQwso0bPRDtuTQ05BFBP-VOnKw-KogInegQBBBc3TvK8Of6NG4kCidBd9Vob8KJAATlU26HWkhp6weoA72OP8JsnBAyBaxDyEx6A4nbXzXGuMh-8W_TVfzE8F8yq7y1vsKKdi6gW6n3bFLRCRG1uv5zwE399DzwOZsgkW-svQiZcOviU0xg86pQn5OdVy2IevMlBrr1vVI5pxOic21_tX8Uu--1bVtnQqB_ccweIUypOJzV9ag4R72jkcYUvFwoU4y1Zlc7fjYOgV7Vtq9qfIjQ_QzVYqnfy68MFBF4aw_u8wwvj3t_noe6Xpoxq8jopOW665w7sjlmoSpv06vSQmtjM9nMztkJJ22-YY87q7281J0wgUcXl1xV5YIVkg9QgYW-gZdm92IO25oh7ru35lv9OJ6a0fQRbmohxVsn_gX2y58rjXrZU_2X9tw_z3c74bgeUSIwIOsd9BmZj5hU3MnZqbez3VfYv3BsdSsOxWJ2IpJnfRYRFuqdZMa-5_F1onQ05m57tFza6mQnnygQ87RWrf-Umd_rm97riww0t7ikcSatzoh7eXZOjFY5tOimmb3x0gnrZSzjVYdeBjaYfM84dcnb4mlX8xXhBldeo0i6VuSFsXrhRgW4wb-vmnYVqaIxtiJBtJUw9QfQn9r335yR2ipVJeIlQ1_Yk9Jgx2iMvtFJJi7j-ei_OZxJcXtwIcz0F_b_zs60SYVsrUQax4Sc9Ys56jZi_hpwonuUFjqgrg37Bi0e-qUyvybhgyy44UlYvMqXx8, grpc-timeout: 49999063u] streamDependency=0 weight=16 exclusive=false padding=0 endStream=false
10:31:42.377 [grpc-default-worker-ELG-1-4] DEBUG io.grpc.netty.shaded.io.grpc.netty.NettyClientHandler -- [id: 0x6ff9e3ad, L:/192.168.178.109:43878 - R:firestore.googleapis.com/216.58.204.138:443] OUTBOUND DATA: streamId=5 padding=0 endStream=true length=81 bytes=000000004c0a3f70726f6a656374732f617564696f2d7472616e7363726970746f722d32346539652f6461746162617365732f2864656661756c74292f646f63...
10:31:42.377 [grpc-default-worker-ELG-1-4] DEBUG io.grpc.netty.shaded.io.grpc.netty.NettyClientHandler -- [id: 0x6ff9e3ad, L:/192.168.178.109:43878 - R:firestore.googleapis.com/216.58.204.138:443] INBOUND PING: ack=true bytes=1234
10:31:42.608 [grpc-default-worker-ELG-1-4] DEBUG io.grpc.netty.shaded.io.grpc.netty.NettyClientHandler -- [id: 0x6ff9e3ad, L:/192.168.178.109:43878 - R:firestore.googleapis.com/216.58.204.138:443] INBOUND HEADERS: streamId=5 headers=GrpcHttp2ResponseHeaders[:status: 200, content-disposition: attachment, content-type: application/grpc, x-debug-tracking-id: 11390447920501757760;o=1, date: Tue, 18 Feb 2025 09:31:42 GMT, alt-svc: h3=":443"; ma=2592000,h3-29=":443"; ma=2592000] padding=0 endStream=false
10:31:42.609 [grpc-default-worker-ELG-1-4] DEBUG io.grpc.netty.shaded.io.grpc.netty.NettyClientHandler -- [id: 0x6ff9e3ad, L:/192.168.178.109:43878 - R:firestore.googleapis.com/216.58.204.138:443] INBOUND DATA: streamId=5 padding=0 endStream=false length=555 bytes=00000002260a95040a6a70726f6a656374732f617564696f2d7472616e7363726970746f722d32346539652f6461746162617365732f2864656661756c74292f...
10:31:42.609 [grpc-default-worker-ELG-1-4] DEBUG io.grpc.netty.shaded.io.grpc.netty.NettyClientHandler -- [id: 0x6ff9e3ad, L:/192.168.178.109:43878 - R:firestore.googleapis.com/216.58.204.138:443] INBOUND DATA: streamId=5 padding=0 endStream=false length=300 bytes=00000001270a96020a6a70726f6a656374732f617564696f2d7472616e7363726970746f722d32346539652f6461746162617365732f2864656661756c74292f...
10:31:42.609 [grpc-default-worker-ELG-1-4] DEBUG io.grpc.netty.shaded.io.grpc.netty.NettyClientHandler -- [id: 0x6ff9e3ad, L:/192.168.178.109:43878 - R:firestore.googleapis.com/216.58.204.138:443] INBOUND DATA: streamId=5 padding=0 endStream=false length=300 bytes=00000001270a96020a6a70726f6a656374732f617564696f2d7472616e7363726970746f722d32346539652f6461746162617365732f2864656661756c74292f...
10:31:42.610 [grpc-default-worker-ELG-1-4] DEBUG io.grpc.netty.shaded.io.grpc.netty.NettyClientHandler -- [id: 0x6ff9e3ad, L:/192.168.178.109:43878 - R:firestore.googleapis.com/216.58.204.138:443] INBOUND DATA: streamId=5 padding=0 endStream=false length=489 bytes=00000001e40ad3030a5470726f6a656374732f617564696f2d7472616e7363726970746f722d32346539652f6461746162617365732f2864656661756c74292f...
10:31:42.611 [grpc-default-worker-ELG-1-4] DEBUG io.grpc.netty.shaded.io.grpc.netty.NettyClientHandler -- [id: 0x6ff9e3ad, L:/192.168.178.109:43878 - R:firestore.googleapis.com/216.58.204.138:443] INBOUND DATA: streamId=5 padding=0 endStream=false length=497 bytes=00000001ec0adb030a5470726f6a656374732f617564696f2d7472616e7363726970746f722d32346539652f6461746162617365732f2864656661756c74292f...
10:31:42.611 [grpc-default-worker-ELG-1-4] DEBUG io.grpc.netty.shaded.io.grpc.netty.NettyClientHandler -- [id: 0x6ff9e3ad, L:/192.168.178.109:43878 - R:firestore.googleapis.com/216.58.204.138:443] INBOUND DATA: streamId=5 padding=0 endStream=false length=513 bytes=00000001fc0aeb030a5470726f6a656374732f617564696f2d7472616e7363726970746f722d32346539652f6461746162617365732f2864656661756c74292f...
10:31:42.612 [grpc-default-worker-ELG-1-4] DEBUG io.grpc.netty.shaded.io.grpc.netty.NettyClientHandler -- [id: 0x6ff9e3ad, L:/192.168.178.109:43878 - R:firestore.googleapis.com/216.58.204.138:443] INBOUND DATA: streamId=5 padding=0 endStream=false length=501 bytes=00000001f00adf030a5470726f6a656374732f617564696f2d7472616e7363726970746f722d32346539652f6461746162617365732f2864656661756c74292f...
10:31:42.613 [grpc-default-worker-ELG-1-4] DEBUG io.grpc.netty.shaded.io.grpc.netty.NettyClientHandler -- [id: 0x6ff9e3ad, L:/192.168.178.109:43878 - R:firestore.googleapis.com/216.58.204.138:443] INBOUND DATA: streamId=5 padding=0 endStream=false length=638 bytes=00000002790ae8040a5370726f6a656374732f617564696f2d7472616e7363726970746f722d32346539652f6461746162617365732f2864656661756c74292f...
10:31:42.617 [grpc-default-worker-ELG-1-4] DEBUG io.grpc.netty.shaded.io.grpc.netty.NettyClientHandler -- [id: 0x6ff9e3ad, L:/192.168.178.109:43878 - R:firestore.googleapis.com/216.58.204.138:443] INBOUND DATA: streamId=5 padding=0 endStream=false length=300 bytes=00000001270a96020a6a70726f6a656374732f617564696f2d7472616e7363726970746f722d32346539652f6461746162617365732f2864656661756c74292f...
10:31:42.618 [grpc-default-worker-ELG-1-4] DEBUG io.grpc.netty.shaded.io.grpc.netty.NettyClientHandler -- [id: 0x6ff9e3ad, L:/192.168.178.109:43878 - R:firestore.googleapis.com/216.58.204.138:443] INBOUND DATA: streamId=5 padding=0 endStream=false length=1762 bytes=00000001140a83020a6a70726f6a656374732f617564696f2d7472616e7363726970746f722d32346539652f6461746162617365732f2864656661756c74292f...
10:31:42.625 [grpc-default-worker-ELG-1-4] DEBUG io.grpc.netty.shaded.io.grpc.netty.NettyClientHandler -- [id: 0x6ff9e3ad, L:/192.168.178.109:43878 - R:firestore.googleapis.com/216.58.204.138:443] INBOUND DATA: streamId=5 padding=0 endStream=false length=557 bytes=00000002280a97040a6a70726f6a656374732f617564696f2d7472616e7363726970746f722d32346539652f6461746162617365732f2864656661756c74292f...
10:31:42.627 [grpc-default-worker-ELG-1-4] DEBUG io.grpc.netty.shaded.io.grpc.netty.NettyClientHandler -- [id: 0x6ff9e3ad, L:/192.168.178.109:43878 - R:firestore.googleapis.com/216.58.204.138:443] INBOUND DATA: streamId=5 padding=0 endStream=false length=1672 bytes=00000001250a94020a6a70726f6a656374732f617564696f2d7472616e7363726970746f722d32346539652f6461746162617365732f2864656661756c74292f...
10:31:42.634 [grpc-default-worker-ELG-1-4] DEBUG io.grpc.netty.shaded.io.grpc.netty.NettyClientHandler -- [id: 0x6ff9e3ad, L:/192.168.178.109:43878 - R:firestore.googleapis.com/216.58.204.138:443] INBOUND DATA: streamId=5 padding=0 endStream=false length=300 bytes=00000001270a96020a6a70726f6a656374732f617564696f2d7472616e7363726970746f722d32346539652f6461746162617365732f2864656661756c74292f...
10:31:42.635 [grpc-default-worker-ELG-1-4] DEBUG io.grpc.netty.shaded.io.grpc.netty.NettyClientHandler -- [id: 0x6ff9e3ad, L:/192.168.178.109:43878 - R:firestore.googleapis.com/216.58.204.138:443] INBOUND DATA: streamId=5 padding=0 endStream=false length=1152 bytes=00000001250a94020a6a70726f6a656374732f617564696f2d7472616e7363726970746f722d32346539652f6461746162617365732f2864656661756c74292f...
10:31:42.635 [grpc-default-worker-ELG-1-4] DEBUG io.grpc.netty.shaded.io.grpc.netty.NettyClientHandler -- [id: 0x6ff9e3ad, L:/192.168.178.109:43878 - R:firestore.googleapis.com/216.58.204.138:443] INBOUND HEADERS: streamId=5 headers=GrpcHttp2ResponseHeaders[grpc-status: 0, content-disposition: attachment, x-debug-tracking-id: 11390447920501757760;o=1] padding=0 endStream=true
10:31:42.635 [grpc-default-worker-ELG-1-4] DEBUG io.grpc.netty.shaded.io.grpc.netty.NettyClientHandler -- [id: 0x6ff9e3ad, L:/192.168.178.109:43878 - R:firestore.googleapis.com/216.58.204.138:443] INBOUND PING: ack=false bytes=405
10:31:42.635 [grpc-default-worker-ELG-1-4] DEBUG io.grpc.netty.shaded.io.grpc.netty.NettyClientHandler -- [id: 0x6ff9e3ad, L:/192.168.178.109:43878 - R:firestore.googleapis.com/216.58.204.138:443] OUTBOUND PING: ack=true bytes=405
]]></system-out>
  </testcase>
</testsuite>